[debug] [2023-05-26T07:59:55.216Z] ----------------------------------------------------------------------
[debug] [2023-05-26T07:59:55.216Z] Command:       /usr/local/bin/node /Users/ti/.npm-global/bin/firebase deploy --only functions
[debug] [2023-05-26T07:59:55.217Z] CLI Version:   12.2.0
[debug] [2023-05-26T07:59:55.217Z] Platform:      darwin
[debug] [2023-05-26T07:59:55.217Z] Node Version:  v18.15.0
[debug] [2023-05-26T07:59:55.221Z] Time:          Fri May 26 2023 16:59:55 GMT+0900 (Japan Standard Time)
[debug] [2023-05-26T07:59:55.221Z] ----------------------------------------------------------------------
[debug] 
[debug] [2023-05-26T07:59:55.255Z] > command requires scopes: ["email","openid","https://www.googleapis.com/auth/cloudplatformprojects.readonly","https://www.googleapis.com/auth/firebase","https://www.googleapis.com/auth/cloud-platform"]
[debug] [2023-05-26T07:59:55.255Z] > authorizing via signed-in user (t.miura@gnt.place)
[debug] [2023-05-26T07:59:55.256Z] [iam] checking project git-viewer-aefe4 for permissions ["cloudfunctions.functions.create","cloudfunctions.functions.delete","cloudfunctions.functions.get","cloudfunctions.functions.list","cloudfunctions.functions.update","cloudfunctions.operations.get","firebase.projects.get"]
[debug] [2023-05-26T07:59:55.257Z] > refreshing access token with scopes: []
[debug] [2023-05-26T07:59:55.258Z] >>> [apiv2][query] POST https://www.googleapis.com/oauth2/v3/token [none]
[debug] [2023-05-26T07:59:55.258Z] >>> [apiv2][body] POST https://www.googleapis.com/oauth2/v3/token [omitted]
[debug] [2023-05-26T07:59:55.469Z] <<< [apiv2][status] POST https://www.googleapis.com/oauth2/v3/token 400
[debug] [2023-05-26T07:59:55.469Z] <<< [apiv2][body] POST https://www.googleapis.com/oauth2/v3/token [omitted]
[debug] [2023-05-26T07:59:55.469Z] >>> [apiv2][query] POST https://cloudresourcemanager.googleapis.com/v1/projects/git-viewer-aefe4:testIamPermissions [none]
[debug] [2023-05-26T07:59:55.469Z] >>> [apiv2][(partial)header] POST https://cloudresourcemanager.googleapis.com/v1/projects/git-viewer-aefe4:testIamPermissions x-goog-quota-user=projects/git-viewer-aefe4
[debug] [2023-05-26T07:59:55.469Z] >>> [apiv2][body] POST https://cloudresourcemanager.googleapis.com/v1/projects/git-viewer-aefe4:testIamPermissions {"permissions":["cloudfunctions.functions.create","cloudfunctions.functions.delete","cloudfunctions.functions.get","cloudfunctions.functions.list","cloudfunctions.functions.update","cloudfunctions.operations.get","firebase.projects.get"]}
[debug] [2023-05-26T07:59:56.095Z] <<< [apiv2][status] POST https://cloudresourcemanager.googleapis.com/v1/projects/git-viewer-aefe4:testIamPermissions 401
[debug] [2023-05-26T07:59:56.095Z] <<< [apiv2][body] POST https://cloudresourcemanager.googleapis.com/v1/projects/git-viewer-aefe4:testIamPermissions {"error":{"code":401,"message":"Request had invalid authentication credentials. Expected OAuth 2 access token, login cookie or other valid authentication credential. See https://developers.google.com/identity/sign-in/web/devconsole-project.","status":"UNAUTHENTICATED","details":[{"@type":"type.googleapis.com/google.rpc.ErrorInfo","reason":"ACCESS_TOKEN_TYPE_UNSUPPORTED","metadata":{"method":"google.cloudresourcemanager.v1.Projects.TestIamPermissions","service":"cloudresourcemanager.googleapis.com"}}]}}
[debug] [2023-05-26T07:59:56.095Z] [iam] error while checking permissions, command may fail: FirebaseError: HTTP Error: 401, Request had invalid authentication credentials. Expected OAuth 2 access token, login cookie or other valid authentication credential. See https://developers.google.com/identity/sign-in/web/devconsole-project.
[debug] [2023-05-26T07:59:56.095Z] > refreshing access token with scopes: []
[debug] [2023-05-26T07:59:56.096Z] >>> [apiv2][query] POST https://www.googleapis.com/oauth2/v3/token [none]
[debug] [2023-05-26T07:59:56.096Z] >>> [apiv2][body] POST https://www.googleapis.com/oauth2/v3/token [omitted]
[debug] [2023-05-26T07:59:56.267Z] <<< [apiv2][status] POST https://www.googleapis.com/oauth2/v3/token 400
[debug] [2023-05-26T07:59:56.268Z] <<< [apiv2][body] POST https://www.googleapis.com/oauth2/v3/token [omitted]
[debug] [2023-05-26T07:59:56.268Z] >>> [apiv2][query] POST https://iam.googleapis.com/v1/projects/git-viewer-aefe4/serviceAccounts/git-viewer-aefe4@appspot.gserviceaccount.com:testIamPermissions [none]
[debug] [2023-05-26T07:59:56.268Z] >>> [apiv2][body] POST https://iam.googleapis.com/v1/projects/git-viewer-aefe4/serviceAccounts/git-viewer-aefe4@appspot.gserviceaccount.com:testIamPermissions {"permissions":["iam.serviceAccounts.actAs"]}
[debug] [2023-05-26T07:59:56.880Z] <<< [apiv2][status] POST https://iam.googleapis.com/v1/projects/git-viewer-aefe4/serviceAccounts/git-viewer-aefe4@appspot.gserviceaccount.com:testIamPermissions 401
[debug] [2023-05-26T07:59:56.880Z] <<< [apiv2][body] POST https://iam.googleapis.com/v1/projects/git-viewer-aefe4/serviceAccounts/git-viewer-aefe4@appspot.gserviceaccount.com:testIamPermissions {"error":{"code":401,"message":"Request had invalid authentication credentials. Expected OAuth 2 access token, login cookie or other valid authentication credential. See https://developers.google.com/identity/sign-in/web/devconsole-project.","status":"UNAUTHENTICATED","details":[{"@type":"type.googleapis.com/google.rpc.ErrorInfo","reason":"ACCESS_TOKEN_TYPE_UNSUPPORTED","metadata":{"service":"iam.googleapis.com","method":"google.iam.admin.v1.IAM.TestIamPermissions"}}]}}
[debug] [2023-05-26T07:59:56.880Z] [functions] service account IAM check errored, deploy may fail: HTTP Error: 401, Request had invalid authentication credentials. Expected OAuth 2 access token, login cookie or other valid authentication credential. See https://developers.google.com/identity/sign-in/web/devconsole-project. {"name":"FirebaseError","children":[],"context":{"body":{"error":{"code":401,"message":"Request had invalid authentication credentials. Expected OAuth 2 access token, login cookie or other valid authentication credential. See https://developers.google.com/identity/sign-in/web/devconsole-project.","status":"UNAUTHENTICATED","details":[{"@type":"type.googleapis.com/google.rpc.ErrorInfo","reason":"ACCESS_TOKEN_TYPE_UNSUPPORTED","metadata":{"service":"iam.googleapis.com","method":"google.iam.admin.v1.IAM.TestIamPermissions"}}]}},"response":{"statusCode":401}},"exit":1,"message":"HTTP Error: 401, Request had invalid authentication credentials. Expected OAuth 2 access token, login cookie or other valid authentication credential. See https://developers.google.com/identity/sign-in/web/devconsole-project.","status":401}
[info] 
[info] === Deploying to 'git-viewer-aefe4'...
[info] 
[info] i  deploying functions 
[debug] [2023-05-26T07:59:56.883Z] > refreshing access token with scopes: []
[debug] [2023-05-26T07:59:56.883Z] >>> [apiv2][query] POST https://www.googleapis.com/oauth2/v3/token [none]
[debug] [2023-05-26T07:59:56.883Z] >>> [apiv2][body] POST https://www.googleapis.com/oauth2/v3/token [omitted]
[debug] [2023-05-26T07:59:57.053Z] <<< [apiv2][status] POST https://www.googleapis.com/oauth2/v3/token 400
[debug] [2023-05-26T07:59:57.053Z] <<< [apiv2][body] POST https://www.googleapis.com/oauth2/v3/token [omitted]
[debug] [2023-05-26T07:59:57.054Z] >>> [apiv2][query] GET https://firebase.googleapis.com/v1beta1/projects/git-viewer-aefe4 [none]
[debug] [2023-05-26T07:59:57.180Z] <<< [apiv2][status] GET https://firebase.googleapis.com/v1beta1/projects/git-viewer-aefe4 401
[debug] [2023-05-26T07:59:57.180Z] <<< [apiv2][body] GET https://firebase.googleapis.com/v1beta1/projects/git-viewer-aefe4 {"error":{"code":401,"message":"Request had invalid authentication credentials. Expected OAuth 2 access token, login cookie or other valid authentication credential. See https://developers.google.com/identity/sign-in/web/devconsole-project.","status":"UNAUTHENTICATED"}}
[debug] [2023-05-26T07:59:57.180Z] HTTP Error: 401, Request had invalid authentication credentials. Expected OAuth 2 access token, login cookie or other valid authentication credential. See https://developers.google.com/identity/sign-in/web/devconsole-project.
[debug] [2023-05-26T07:59:57.182Z] FirebaseError: HTTP Error: 401, Request had invalid authentication credentials. Expected OAuth 2 access token, login cookie or other valid authentication credential. See https://developers.google.com/identity/sign-in/web/devconsole-project.
    at responseToError (/Users/ti/.npm-global/lib/node_modules/firebase-tools/lib/responseToError.js:49:12)
    at RetryOperation._fn (/Users/ti/.npm-global/lib/node_modules/firebase-tools/lib/apiv2.js:288:77)
    at process.processTicksAndRejections (node:internal/process/task_queues:95:5)
[error] 
[error] Error: Failed to get Firebase project git-viewer-aefe4. Please make sure the project exists and your account has permission to access it.
