[debug] [2023-05-25T01:06:53.470Z] ----------------------------------------------------------------------
[debug] [2023-05-25T01:06:53.471Z] Command:       /usr/local/bin/node /Users/ti/.npm-global/bin/firebase emulators:start
[debug] [2023-05-25T01:06:53.471Z] CLI Version:   12.2.0
[debug] [2023-05-25T01:06:53.472Z] Platform:      darwin
[debug] [2023-05-25T01:06:53.472Z] Node Version:  v18.15.0
[debug] [2023-05-25T01:06:53.473Z] Time:          Thu May 25 2023 10:06:53 GMT+0900 (Japan Standard Time)
[debug] [2023-05-25T01:06:53.473Z] ----------------------------------------------------------------------
[debug] 
[debug] [2023-05-25T01:06:53.508Z] > command requires scopes: ["email","openid","https://www.googleapis.com/auth/cloudplatformprojects.readonly","https://www.googleapis.com/auth/firebase","https://www.googleapis.com/auth/cloud-platform"]
[debug] [2023-05-25T01:06:53.509Z] > authorizing via signed-in user (t.miura@gnt.place)
[info] i  emulators: Starting emulators: functions, hosting {"metadata":{"emulator":{"name":"hub"},"message":"Starting emulators: functions, hosting"}}
[debug] [2023-05-25T01:06:53.780Z] [logging] Logging Emulator only supports listening on one address (127.0.0.1). Not listening on ::1
[warn] ⚠  hosting: Hosting Emulator unable to start on port 5000, starting on 5002 instead. {"metadata":{"emulator":{"name":"hosting"},"message":"Hosting Emulator unable to start on port 5000, starting on 5002 instead."}}
[debug] [2023-05-25T01:06:53.780Z] [hosting] Hosting Emulator only supports listening on one address (127.0.0.1). Not listening on ::1
[debug] [2023-05-25T01:06:53.780Z] assigned listening specs for emulators {"user":{"hub":[{"address":"127.0.0.1","family":"IPv4","port":4400},{"address":"::1","family":"IPv6","port":4400}],"ui":[{"address":"127.0.0.1","family":"IPv4","port":4000},{"address":"::1","family":"IPv6","port":4000}],"logging":[{"address":"127.0.0.1","family":"IPv4","port":4500}],"hosting":[{"address":"127.0.0.1","family":"IPv4","port":5002}]},"metadata":{"message":"assigned listening specs for emulators"}}
[debug] [2023-05-25T01:06:53.784Z] [hub] writing locator at /var/folders/3s/qvz10brj41b4m4p33_ym3cvc0000gn/T/hub-git-viewer-aefe4.json
[warn] ⚠  functions: Functions Emulator unable to start on port 5002, starting on 5003 instead. {"metadata":{"emulator":{"name":"functions"},"message":"Functions Emulator unable to start on port 5002, starting on 5003 instead."}}
[debug] [2023-05-25T01:06:53.893Z] [functions] Functions Emulator only supports listening on one address (127.0.0.1). Not listening on ::1
[debug] [2023-05-25T01:06:53.893Z] [eventarc] Eventarc Emulator only supports listening on one address (127.0.0.1). Not listening on ::1
[debug] [2023-05-25T01:06:53.893Z] late-assigned ports for functions and eventarc emulators {"user":{"hub":[{"address":"127.0.0.1","family":"IPv4","port":4400},{"address":"::1","family":"IPv6","port":4400}],"ui":[{"address":"127.0.0.1","family":"IPv4","port":4000},{"address":"::1","family":"IPv6","port":4000}],"logging":[{"address":"127.0.0.1","family":"IPv4","port":4500}],"hosting":[{"address":"127.0.0.1","family":"IPv4","port":5002}],"functions":[{"address":"127.0.0.1","family":"IPv4","port":5003}],"eventarc":[{"address":"127.0.0.1","family":"IPv4","port":9299}]},"metadata":{"message":"late-assigned ports for functions and eventarc emulators"}}
[warn] ⚠  functions: The following emulators are not running, calls to these services from the Functions emulator will affect production: auth, firestore, database, pubsub, storage {"metadata":{"emulator":{"name":"functions"},"message":"The following emulators are not running, calls to these services from the Functions emulator will affect production: \u001b[1mauth, firestore, database, pubsub, storage\u001b[22m"}}
[debug] [2023-05-25T01:06:53.894Z] defaultcredentials: writing to file /Users/ti/.config/firebase/t_miura_gnt.place_application_default_credentials.json
[debug] [2023-05-25T01:06:53.897Z] Setting GAC to /Users/ti/.config/firebase/t_miura_gnt.place_application_default_credentials.json {"metadata":{"emulator":{"name":"functions"},"message":"Setting GAC to /Users/ti/.config/firebase/t_miura_gnt.place_application_default_credentials.json"}}
[debug] [2023-05-25T01:06:53.898Z] >>> [apiv2][query] GET https://firebase.googleapis.com/v1beta1/projects/git-viewer-aefe4/adminSdkConfig [none]
[debug] [2023-05-25T01:06:54.270Z] <<< [apiv2][status] GET https://firebase.googleapis.com/v1beta1/projects/git-viewer-aefe4/adminSdkConfig 200
[debug] [2023-05-25T01:06:54.271Z] <<< [apiv2][body] GET https://firebase.googleapis.com/v1beta1/projects/git-viewer-aefe4/adminSdkConfig {"projectId":"git-viewer-aefe4","storageBucket":"git-viewer-aefe4.appspot.com"}
[debug] [2023-05-25T01:06:54.281Z] >>> [apiv2][query] GET https://firebasehosting.googleapis.com/v1beta1/projects/git-viewer-aefe4/sites 
[debug] [2023-05-25T01:06:55.016Z] <<< [apiv2][status] GET https://firebasehosting.googleapis.com/v1beta1/projects/git-viewer-aefe4/sites 200
[debug] [2023-05-25T01:06:55.016Z] <<< [apiv2][body] GET https://firebasehosting.googleapis.com/v1beta1/projects/git-viewer-aefe4/sites {"sites":[{"name":"projects/git-viewer-aefe4/sites/git-viewer-aefe4","defaultUrl":"https://git-viewer-aefe4.web.app","appId":"1:983369663716:web:7e47f31cc7afd1654d58f1","type":"DEFAULT_SITE"}]}
[debug] [2023-05-25T01:06:55.017Z] >>> [apiv2][query] GET https://firebase.googleapis.com/v1beta1/projects/git-viewer-aefe4/webApps/1:983369663716:web:7e47f31cc7afd1654d58f1/config [none]
[debug] [2023-05-25T01:06:56.185Z] <<< [apiv2][status] GET https://firebase.googleapis.com/v1beta1/projects/git-viewer-aefe4/webApps/1:983369663716:web:7e47f31cc7afd1654d58f1/config 200
[debug] [2023-05-25T01:06:56.186Z] <<< [apiv2][body] GET https://firebase.googleapis.com/v1beta1/projects/git-viewer-aefe4/webApps/1:983369663716:web:7e47f31cc7afd1654d58f1/config {"projectId":"git-viewer-aefe4","appId":"1:983369663716:web:7e47f31cc7afd1654d58f1","storageBucket":"git-viewer-aefe4.appspot.com","apiKey":"AIzaSyDGbUlfmOuCCc-ubJFFi09KAax2n92doN8","authDomain":"git-viewer-aefe4.firebaseapp.com","messagingSenderId":"983369663716","measurementId":"G-M8ZHK8RC52"}
[debug] [2023-05-25T01:06:56.193Z] >>> [apiv2][query] GET https://firebase.googleapis.com/v1beta1/projects/git-viewer-aefe4 [none]
[debug] [2023-05-25T01:06:56.556Z] <<< [apiv2][status] GET https://firebase.googleapis.com/v1beta1/projects/git-viewer-aefe4 200
[debug] [2023-05-25T01:06:56.557Z] <<< [apiv2][body] GET https://firebase.googleapis.com/v1beta1/projects/git-viewer-aefe4 {"projectId":"git-viewer-aefe4","projectNumber":"983369663716","displayName":"git-viewer","name":"projects/git-viewer-aefe4","resources":{"hostingSite":"git-viewer-aefe4"},"state":"ACTIVE","etag":"1_bc509a7a-2671-4f2b-9a15-1f4ec8f3d697"}
[info] i  hosting[git-viewer-aefe4]: Serving hosting files from: build {"metadata":{"emulator":{"name":"hosting"},"message":"Serving hosting files from: \u001b[1mbuild\u001b[22m"}}
[info] ✔  hosting[git-viewer-aefe4]: Local server: http://127.0.0.1:5002 {"metadata":{"emulator":{"name":"hosting"},"message":"Local server: \u001b[4m\u001b[1mhttp://127.0.0.1:5002\u001b[22m\u001b[24m"}}
[debug] [2023-05-25T01:06:56.624Z] Ignoring unsupported arg: auto_download {"metadata":{"emulator":{"name":"ui"},"message":"Ignoring unsupported arg: auto_download"}}
[debug] [2023-05-25T01:06:56.624Z] Ignoring unsupported arg: port {"metadata":{"emulator":{"name":"ui"},"message":"Ignoring unsupported arg: port"}}
[debug] [2023-05-25T01:06:56.624Z] Starting Emulator UI with command {"binary":"node","args":["/Users/ti/.cache/firebase/emulators/ui-v1.11.6/server/server.js"],"optionalArgs":[],"joinArgs":false} {"metadata":{"emulator":{"name":"ui"},"message":"Starting Emulator UI with command {\"binary\":\"node\",\"args\":[\"/Users/ti/.cache/firebase/emulators/ui-v1.11.6/server/server.js\"],\"optionalArgs\":[],\"joinArgs\":false}"}}
[info] i  ui: Emulator UI logging to ui-debug.log {"metadata":{"emulator":{"name":"ui"},"message":"Emulator UI logging to \u001b[1mui-debug.log\u001b[22m"}}
[debug] [2023-05-25T01:06:56.687Z] Web / API server started at 127.0.0.1:4000
 {"metadata":{"emulator":{"name":"ui"},"message":"Web / API server started at 127.0.0.1:4000\n"}}
[debug] [2023-05-25T01:06:56.687Z] Web / API server started at ::1:4000
 {"metadata":{"emulator":{"name":"ui"},"message":"Web / API server started at ::1:4000\n"}}
[info] i  functions: Watching "/Users/ti/Documents/code/git-viewer/functions" for Cloud Functions... {"metadata":{"emulator":{"name":"functions"},"message":"Watching \"/Users/ti/Documents/code/git-viewer/functions\" for Cloud Functions..."}}
[debug] [2023-05-25T01:06:56.890Z] Validating nodejs source
[debug] [2023-05-25T01:06:57.327Z] > [functions] package.json contents: {
  "name": "functions",
  "description": "Cloud Functions for Firebase",
  "scripts": {
    "serve": "firebase emulators:start --only functions",
    "shell": "firebase functions:shell",
    "start": "npm run shell",
    "deploy": "firebase deploy --only functions",
    "logs": "firebase functions:log"
  },
  "engines": {
    "node": "18"
  },
  "main": "index.js",
  "dependencies": {
    "axios": "^1.4.0",
    "firebase-admin": "^11.8.0",
    "firebase-functions": "^4.3.1"
  },
  "devDependencies": {
    "firebase-functions-test": "^3.1.0"
  },
  "private": true
}
[debug] [2023-05-25T01:06:57.327Z] Building nodejs source
[debug] [2023-05-25T01:06:57.327Z] Failed to find version of module node: reached end of search path /Users/ti/Documents/code/git-viewer/functions/node_modules
[info] ✔  functions: Using node@18 from host. 
[debug] [2023-05-25T01:06:57.329Z] Could not find functions.yaml. Must use http discovery
[debug] [2023-05-25T01:06:57.333Z] Found firebase-functions binary at '/Users/ti/Documents/code/git-viewer/functions/node_modules/.bin/firebase-functions'
[debug] [2023-05-25T01:06:57.439Z] Serving at port 8240

[debug] [2023-05-25T01:06:57.594Z] Got response from /__/functions.yaml {"endpoints":{"app":{"platform":"gcfv1","availableMemoryMb":null,"timeoutSeconds":null,"minInstances":null,"maxInstances":null,"ingressSettings":null,"serviceAccountEmail":null,"vpc":null,"httpsTrigger":{},"entryPoint":"app"}},"specVersion":"v1alpha1","requiredAPIs":[]}
[debug] [2023-05-25T01:06:57.598Z] shutdown requested via /__/quitquitquit

[info] ✔  functions: Loaded functions definitions from source: app. {"metadata":{"emulator":{"name":"functions"},"message":"Loaded functions definitions from source: app."}}
[info] ✔  functions[us-central1-app]: http function initialized (http://127.0.0.1:5003/git-viewer-aefe4/us-central1/app). {"metadata":{"emulator":{"name":"functions"},"message":"\u001b[1mhttp\u001b[22m function initialized (http://127.0.0.1:5003/git-viewer-aefe4/us-central1/app)."}}
[info] 
┌─────────────────────────────────────────────────────────────┐
│ ✔  All emulators ready! It is now safe to connect your app. │
│ i  View Emulator UI at http://127.0.0.1:4000/               │
└─────────────────────────────────────────────────────────────┘

┌───────────┬────────────────┬─────────────────────────────────┐
│ Emulator  │ Host:Port      │ View in Emulator UI             │
├───────────┼────────────────┼─────────────────────────────────┤
│ Functions │ 127.0.0.1:5003 │ http://127.0.0.1:4000/functions │
├───────────┼────────────────┼─────────────────────────────────┤
│ Hosting   │ 127.0.0.1:5002 │ n/a                             │
└───────────┴────────────────┴─────────────────────────────────┘
  Emulator Hub running at 127.0.0.1:4400
  Other reserved ports: 4500

Issues? Report them at https://github.com/firebase/firebase-tools/issues and attach the *-debug.log files.
 
[debug] [2023-05-25T01:13:01.756Z] [work-queue] {"queuedWork":["/git-viewer-aefe4/us-central1/app/createRepo-2023-05-25T01:13:01.755Z"],"queueLength":1,"runningWork":[],"workRunningCount":0}
[debug] [2023-05-25T01:13:01.756Z] [work-queue] {"queuedWork":[],"queueLength":0,"runningWork":["/git-viewer-aefe4/us-central1/app/createRepo-2023-05-25T01:13:01.755Z"],"workRunningCount":1}
[debug] [2023-05-25T01:13:01.757Z] Accepted request POST /git-viewer-aefe4/us-central1/app/createRepo --> us-central1-app
[debug] [2023-05-25T01:13:01.758Z] [functions] Runtime ready! Sending request! {"metadata":{"emulator":{"name":"functions"},"message":"[functions] Runtime ready! Sending request!"}}
[debug] [2023-05-25T01:13:01.759Z] [functions] Got req.url=/git-viewer-aefe4/us-central1/app/createRepo, mapping to path=/createRepo {"metadata":{"emulator":{"name":"functions"},"message":"[functions] Got req.url=/git-viewer-aefe4/us-central1/app/createRepo, mapping to path=/createRepo"}}
[debug] [2023-05-25T01:13:01.764Z] [worker-pool] addWorker(us-central1-app) {"metadata":{"emulator":{"name":"functions"},"message":"[worker-pool] addWorker(us-central1-app)"}}
[debug] [2023-05-25T01:13:01.764Z] [worker-pool] Adding worker with key us-central1-app, total=1 {"metadata":{"emulator":{"name":"functions"},"message":"[worker-pool] Adding worker with key us-central1-app, total=1"}}
[debug] [2023-05-25T01:13:02.345Z] [runtime-status] [62132] Resolved module firebase-admin {"declared":true,"installed":true,"version":"11.8.0","resolution":"/Users/ti/Documents/code/git-viewer/functions/node_modules/firebase-admin/lib/index.js"} {"metadata":{"emulator":{"name":"functions"},"function":{"name":"us-central1-app"},"extension":{},"message":"[runtime-status] [62132] Resolved module firebase-admin {\"declared\":true,\"installed\":true,\"version\":\"11.8.0\",\"resolution\":\"/Users/ti/Documents/code/git-viewer/functions/node_modules/firebase-admin/lib/index.js\"}"}}
[debug] [2023-05-25T01:13:02.345Z] [runtime-status] [62132] Resolved module firebase-functions {"declared":true,"installed":true,"version":"4.4.0","resolution":"/Users/ti/Documents/code/git-viewer/functions/node_modules/firebase-functions/lib/v1/index.js"} {"metadata":{"emulator":{"name":"functions"},"function":{"name":"us-central1-app"},"extension":{},"message":"[runtime-status] [62132] Resolved module firebase-functions {\"declared\":true,\"installed\":true,\"version\":\"4.4.0\",\"resolution\":\"/Users/ti/Documents/code/git-viewer/functions/node_modules/firebase-functions/lib/v1/index.js\"}"}}
[debug] [2023-05-25T01:13:02.345Z] [runtime-status] [62132] Outgoing network have been stubbed. [{"name":"http","status":"mocked"},{"name":"http","status":"mocked"},{"name":"https","status":"mocked"},{"name":"https","status":"mocked"},{"name":"net","status":"mocked"}] {"metadata":{"emulator":{"name":"functions"},"function":{"name":"us-central1-app"},"extension":{},"message":"[runtime-status] [62132] Outgoing network have been stubbed. [{\"name\":\"http\",\"status\":\"mocked\"},{\"name\":\"http\",\"status\":\"mocked\"},{\"name\":\"https\",\"status\":\"mocked\"},{\"name\":\"https\",\"status\":\"mocked\"},{\"name\":\"net\",\"status\":\"mocked\"}]"}}
[debug] [2023-05-25T01:13:02.346Z] [runtime-status] [62132] Resolved module firebase-functions {"declared":true,"installed":true,"version":"4.4.0","resolution":"/Users/ti/Documents/code/git-viewer/functions/node_modules/firebase-functions/lib/v1/index.js"} {"metadata":{"emulator":{"name":"functions"},"function":{"name":"us-central1-app"},"extension":{},"message":"[runtime-status] [62132] Resolved module firebase-functions {\"declared\":true,\"installed\":true,\"version\":\"4.4.0\",\"resolution\":\"/Users/ti/Documents/code/git-viewer/functions/node_modules/firebase-functions/lib/v1/index.js\"}"}}
[debug] [2023-05-25T01:13:02.480Z] [runtime-status] [62132] Checked functions.config() {"config":{}} {"metadata":{"emulator":{"name":"functions"},"function":{"name":"us-central1-app"},"extension":{},"message":"[runtime-status] [62132] Checked functions.config() {\"config\":{}}"}}
[debug] [2023-05-25T01:13:02.480Z] [runtime-status] [62132] firebase-functions has been stubbed. {"functionsResolution":{"declared":true,"installed":true,"version":"4.4.0","resolution":"/Users/ti/Documents/code/git-viewer/functions/node_modules/firebase-functions/lib/v1/index.js"}} {"metadata":{"emulator":{"name":"functions"},"function":{"name":"us-central1-app"},"extension":{},"message":"[runtime-status] [62132] firebase-functions has been stubbed. {\"functionsResolution\":{\"declared\":true,\"installed\":true,\"version\":\"4.4.0\",\"resolution\":\"/Users/ti/Documents/code/git-viewer/functions/node_modules/firebase-functions/lib/v1/index.js\"}}"}}
[debug] [2023-05-25T01:13:02.480Z] [runtime-status] [62132] Resolved module firebase-functions {"declared":true,"installed":true,"version":"4.4.0","resolution":"/Users/ti/Documents/code/git-viewer/functions/node_modules/firebase-functions/lib/v1/index.js"} {"metadata":{"emulator":{"name":"functions"},"function":{"name":"us-central1-app"},"extension":{},"message":"[runtime-status] [62132] Resolved module firebase-functions {\"declared\":true,\"installed\":true,\"version\":\"4.4.0\",\"resolution\":\"/Users/ti/Documents/code/git-viewer/functions/node_modules/firebase-functions/lib/v1/index.js\"}"}}
[debug] [2023-05-25T01:13:02.481Z] [runtime-status] [62132] Resolved module firebase-admin {"declared":true,"installed":true,"version":"11.8.0","resolution":"/Users/ti/Documents/code/git-viewer/functions/node_modules/firebase-admin/lib/index.js"} {"metadata":{"emulator":{"name":"functions"},"function":{"name":"us-central1-app"},"extension":{},"message":"[runtime-status] [62132] Resolved module firebase-admin {\"declared\":true,\"installed\":true,\"version\":\"11.8.0\",\"resolution\":\"/Users/ti/Documents/code/git-viewer/functions/node_modules/firebase-admin/lib/index.js\"}"}}
[debug] [2023-05-25T01:13:02.482Z] [runtime-status] [62132] Resolved module firebase-functions {"declared":true,"installed":true,"version":"4.4.0","resolution":"/Users/ti/Documents/code/git-viewer/functions/node_modules/firebase-functions/lib/v1/index.js"} {"metadata":{"emulator":{"name":"functions"},"function":{"name":"us-central1-app"},"extension":{},"message":"[runtime-status] [62132] Resolved module firebase-functions {\"declared\":true,\"installed\":true,\"version\":\"4.4.0\",\"resolution\":\"/Users/ti/Documents/code/git-viewer/functions/node_modules/firebase-functions/lib/v1/index.js\"}"}}
[debug] [2023-05-25T01:13:02.482Z] [runtime-status] [62132] firebase-admin has been stubbed. {"adminResolution":{"declared":true,"installed":true,"version":"11.8.0","resolution":"/Users/ti/Documents/code/git-viewer/functions/node_modules/firebase-admin/lib/index.js"}} {"metadata":{"emulator":{"name":"functions"},"function":{"name":"us-central1-app"},"extension":{},"message":"[runtime-status] [62132] firebase-admin has been stubbed. {\"adminResolution\":{\"declared\":true,\"installed\":true,\"version\":\"11.8.0\",\"resolution\":\"/Users/ti/Documents/code/git-viewer/functions/node_modules/firebase-admin/lib/index.js\"}}"}}
[debug] [2023-05-25T01:13:02.538Z] [runtime-status] [62132] Functions runtime initialized. {"cwd":"/Users/ti/Documents/code/git-viewer/functions","node_version":"18.15.0"} {"metadata":{"emulator":{"name":"functions"},"function":{"name":"us-central1-app"},"extension":{},"message":"[runtime-status] [62132] Functions runtime initialized. {\"cwd\":\"/Users/ti/Documents/code/git-viewer/functions\",\"node_version\":\"18.15.0\"}"}}
[debug] [2023-05-25T01:13:02.538Z] [runtime-status] [62132] Listening to port: /var/folders/3s/qvz10brj41b4m4p33_ym3cvc0000gn/T/fire_emu_3623bd72cb651aea.sock {"metadata":{"emulator":{"name":"functions"},"function":{"name":"us-central1-app"},"extension":{},"message":"[runtime-status] [62132] Listening to port: /var/folders/3s/qvz10brj41b4m4p33_ym3cvc0000gn/T/fire_emu_3623bd72cb651aea.sock"}}
[debug] [2023-05-25T01:13:02.581Z] [worker-us-central1-app-5eeae7fa-882a-4677-b825-6b72c4251a0f]: IDLE {"metadata":{"emulator":{"name":"functions"},"function":{"name":"us-central1-app"},"extension":{},"message":"[worker-us-central1-app-5eeae7fa-882a-4677-b825-6b72c4251a0f]: IDLE"}}
[debug] [2023-05-25T01:13:02.582Z] [worker-pool] submitRequest(triggerId=us-central1-app) {"metadata":{"emulator":{"name":"functions"},"message":"[worker-pool] submitRequest(triggerId=us-central1-app)"}}
[info] i  functions: Beginning execution of "us-central1-app" {"metadata":{"emulator":{"name":"functions"},"function":{"name":"us-central1-app"},"extension":{},"message":"Beginning execution of \"us-central1-app\""}}
[debug] [2023-05-25T01:13:02.584Z] [worker-us-central1-app-5eeae7fa-882a-4677-b825-6b72c4251a0f]: BUSY {"metadata":{"emulator":{"name":"functions"},"function":{"name":"us-central1-app"},"extension":{},"message":"[worker-us-central1-app-5eeae7fa-882a-4677-b825-6b72c4251a0f]: BUSY"}}
[warn] ⚠  It looks like you're trying to access functions.config().gitlab but there is no value there. You can learn more about setting up config here: https://firebase.google.com/docs/functions/local-emulator {"metadata":{"emulator":{"name":"functions"},"function":{"name":"us-central1-app"},"extension":{},"message":"It looks like you're trying to access functions.config().gitlab but there is no value there. You can learn more about setting up config here: https://firebase.google.com/docs/functions/local-emulator"}}
[info] >  /Users/ti/Documents/code/git-viewer/functions/index.js:16 {"user":"/Users/ti/Documents/code/git-viewer/functions/index.js:16","metadata":{"emulator":{"name":"functions"},"function":{"name":"us-central1-app"},"extension":{},"message":"\u001b[90m> \u001b[39m /Users/ti/Documents/code/git-viewer/functions/index.js:16"}}
[info] >          'Authorization': `Bearer ${functions.config().gitlab.token}`, {"user":"        'Authorization': `Bearer ${functions.config().gitlab.token}`,","metadata":{"emulator":{"name":"functions"},"function":{"name":"us-central1-app"},"extension":{},"message":"\u001b[90m> \u001b[39m         'Authorization': `Bearer ${functions.config().gitlab.token}`,"}}
[info] >                                                              ^ {"user":"                                                            ^","metadata":{"emulator":{"name":"functions"},"function":{"name":"us-central1-app"},"extension":{},"message":"\u001b[90m> \u001b[39m                                                             ^"}}
[info] >   {"user":"","metadata":{"emulator":{"name":"functions"},"function":{"name":"us-central1-app"},"extension":{},"message":"\u001b[90m> \u001b[39m "}}
[info] >  TypeError: Cannot read properties of undefined (reading 'token') {"user":"TypeError: Cannot read properties of undefined (reading 'token')","metadata":{"emulator":{"name":"functions"},"function":{"name":"us-central1-app"},"extension":{},"message":"\u001b[90m> \u001b[39m TypeError: Cannot read properties of undefined (reading 'token')"}}
[info] >      at /Users/ti/Documents/code/git-viewer/functions/index.js:16:61 {"user":"    at /Users/ti/Documents/code/git-viewer/functions/index.js:16:61","metadata":{"emulator":{"name":"functions"},"function":{"name":"us-central1-app"},"extension":{},"message":"\u001b[90m> \u001b[39m     at /Users/ti/Documents/code/git-viewer/functions/index.js:16:61"}}
[info] >      at Layer.handle [as handle_request] (/Users/ti/Documents/code/git-viewer/functions/node_modules/express/lib/router/layer.js:95:5) {"user":"    at Layer.handle [as handle_request] (/Users/ti/Documents/code/git-viewer/functions/node_modules/express/lib/router/layer.js:95:5)","metadata":{"emulator":{"name":"functions"},"function":{"name":"us-central1-app"},"extension":{},"message":"\u001b[90m> \u001b[39m     at Layer.handle [as handle_request] (/Users/ti/Documents/code/git-viewer/functions/node_modules/express/lib/router/layer.js:95:5)"}}
[info] >      at next (/Users/ti/Documents/code/git-viewer/functions/node_modules/express/lib/router/route.js:144:13) {"user":"    at next (/Users/ti/Documents/code/git-viewer/functions/node_modules/express/lib/router/route.js:144:13)","metadata":{"emulator":{"name":"functions"},"function":{"name":"us-central1-app"},"extension":{},"message":"\u001b[90m> \u001b[39m     at next (/Users/ti/Documents/code/git-viewer/functions/node_modules/express/lib/router/route.js:144:13)"}}
[info] >      at Route.dispatch (/Users/ti/Documents/code/git-viewer/functions/node_modules/express/lib/router/route.js:114:3) {"user":"    at Route.dispatch (/Users/ti/Documents/code/git-viewer/functions/node_modules/express/lib/router/route.js:114:3)","metadata":{"emulator":{"name":"functions"},"function":{"name":"us-central1-app"},"extension":{},"message":"\u001b[90m> \u001b[39m     at Route.dispatch (/Users/ti/Documents/code/git-viewer/functions/node_modules/express/lib/router/route.js:114:3)"}}
[info] >      at Layer.handle [as handle_request] (/Users/ti/Documents/code/git-viewer/functions/node_modules/express/lib/router/layer.js:95:5) {"user":"    at Layer.handle [as handle_request] (/Users/ti/Documents/code/git-viewer/functions/node_modules/express/lib/router/layer.js:95:5)","metadata":{"emulator":{"name":"functions"},"function":{"name":"us-central1-app"},"extension":{},"message":"\u001b[90m> \u001b[39m     at Layer.handle [as handle_request] (/Users/ti/Documents/code/git-viewer/functions/node_modules/express/lib/router/layer.js:95:5)"}}
[info] >      at /Users/ti/Documents/code/git-viewer/functions/node_modules/express/lib/router/index.js:284:15 {"user":"    at /Users/ti/Documents/code/git-viewer/functions/node_modules/express/lib/router/index.js:284:15","metadata":{"emulator":{"name":"functions"},"function":{"name":"us-central1-app"},"extension":{},"message":"\u001b[90m> \u001b[39m     at /Users/ti/Documents/code/git-viewer/functions/node_modules/express/lib/router/index.js:284:15"}}
[info] >      at Function.process_params (/Users/ti/Documents/code/git-viewer/functions/node_modules/express/lib/router/index.js:346:12) {"user":"    at Function.process_params (/Users/ti/Documents/code/git-viewer/functions/node_modules/express/lib/router/index.js:346:12)","metadata":{"emulator":{"name":"functions"},"function":{"name":"us-central1-app"},"extension":{},"message":"\u001b[90m> \u001b[39m     at Function.process_params (/Users/ti/Documents/code/git-viewer/functions/node_modules/express/lib/router/index.js:346:12)"}}
[info] >      at next (/Users/ti/Documents/code/git-viewer/functions/node_modules/express/lib/router/index.js:280:10) {"user":"    at next (/Users/ti/Documents/code/git-viewer/functions/node_modules/express/lib/router/index.js:280:10)","metadata":{"emulator":{"name":"functions"},"function":{"name":"us-central1-app"},"extension":{},"message":"\u001b[90m> \u001b[39m     at next (/Users/ti/Documents/code/git-viewer/functions/node_modules/express/lib/router/index.js:280:10)"}}
[info] >      at cors (/Users/ti/Documents/code/git-viewer/functions/node_modules/cors/lib/index.js:188:7) {"user":"    at cors (/Users/ti/Documents/code/git-viewer/functions/node_modules/cors/lib/index.js:188:7)","metadata":{"emulator":{"name":"functions"},"function":{"name":"us-central1-app"},"extension":{},"message":"\u001b[90m> \u001b[39m     at cors (/Users/ti/Documents/code/git-viewer/functions/node_modules/cors/lib/index.js:188:7)"}}
[info] >      at /Users/ti/Documents/code/git-viewer/functions/node_modules/cors/lib/index.js:224:17 {"user":"    at /Users/ti/Documents/code/git-viewer/functions/node_modules/cors/lib/index.js:224:17","metadata":{"emulator":{"name":"functions"},"function":{"name":"us-central1-app"},"extension":{},"message":"\u001b[90m> \u001b[39m     at /Users/ti/Documents/code/git-viewer/functions/node_modules/cors/lib/index.js:224:17"}}
[info] >   {"user":"","metadata":{"emulator":{"name":"functions"},"function":{"name":"us-central1-app"},"extension":{},"message":"\u001b[90m> \u001b[39m "}}
[info] >  Node.js v18.15.0 {"user":"Node.js v18.15.0","metadata":{"emulator":{"name":"functions"},"function":{"name":"us-central1-app"},"extension":{},"message":"\u001b[90m> \u001b[39m Node.js v18.15.0"}}
[error] i  Request to function failed: Error: socket hang up {"metadata":{"emulator":{"name":"functions"},"function":{"name":"us-central1-app"},"extension":{},"message":"Request to function failed: Error: socket hang up"}}
[debug] [2023-05-25T01:13:02.598Z] [work-queue] {"queuedWork":[],"queueLength":0,"runningWork":[],"workRunningCount":0}
[debug] [2023-05-25T01:13:02.599Z] [worker-us-central1-app-5eeae7fa-882a-4677-b825-6b72c4251a0f]: exited {"metadata":{"emulator":{"name":"functions"},"function":{"name":"us-central1-app"},"extension":{},"message":"[worker-us-central1-app-5eeae7fa-882a-4677-b825-6b72c4251a0f]: exited"}}
[debug] [2023-05-25T01:13:02.599Z] [worker-us-central1-app-5eeae7fa-882a-4677-b825-6b72c4251a0f]: FINISHED {"metadata":{"emulator":{"name":"functions"},"function":{"name":"us-central1-app"},"extension":{},"message":"[worker-us-central1-app-5eeae7fa-882a-4677-b825-6b72c4251a0f]: FINISHED"}}
[debug] [2023-05-25T01:14:15.288Z] [work-queue] {"queuedWork":["/git-viewer-aefe4/us-central1/app/createRepo-2023-05-25T01:14:15.288Z"],"queueLength":1,"runningWork":[],"workRunningCount":0}
[debug] [2023-05-25T01:14:15.289Z] [work-queue] {"queuedWork":[],"queueLength":0,"runningWork":["/git-viewer-aefe4/us-central1/app/createRepo-2023-05-25T01:14:15.288Z"],"workRunningCount":1}
[debug] [2023-05-25T01:14:15.289Z] Accepted request POST /git-viewer-aefe4/us-central1/app/createRepo --> us-central1-app
[debug] [2023-05-25T01:14:15.290Z] [functions] Runtime ready! Sending request! {"metadata":{"emulator":{"name":"functions"},"message":"[functions] Runtime ready! Sending request!"}}
[debug] [2023-05-25T01:14:15.290Z] [functions] Got req.url=/git-viewer-aefe4/us-central1/app/createRepo, mapping to path=/createRepo {"metadata":{"emulator":{"name":"functions"},"message":"[functions] Got req.url=/git-viewer-aefe4/us-central1/app/createRepo, mapping to path=/createRepo"}}
[debug] [2023-05-25T01:14:15.290Z] [worker-pool] Cleaned up workers for us-central1-app: 1 --> 0 {"metadata":{"emulator":{"name":"functions"},"message":"[worker-pool] Cleaned up workers for us-central1-app: 1 --> 0"}}
[debug] [2023-05-25T01:14:15.293Z] [worker-pool] addWorker(us-central1-app) {"metadata":{"emulator":{"name":"functions"},"message":"[worker-pool] addWorker(us-central1-app)"}}
[debug] [2023-05-25T01:14:15.294Z] [worker-pool] Adding worker with key us-central1-app, total=1 {"metadata":{"emulator":{"name":"functions"},"message":"[worker-pool] Adding worker with key us-central1-app, total=1"}}
[debug] [2023-05-25T01:14:15.879Z] [runtime-status] [62177] Resolved module firebase-admin {"declared":true,"installed":true,"version":"11.8.0","resolution":"/Users/ti/Documents/code/git-viewer/functions/node_modules/firebase-admin/lib/index.js"} {"metadata":{"emulator":{"name":"functions"},"function":{"name":"us-central1-app"},"extension":{},"message":"[runtime-status] [62177] Resolved module firebase-admin {\"declared\":true,\"installed\":true,\"version\":\"11.8.0\",\"resolution\":\"/Users/ti/Documents/code/git-viewer/functions/node_modules/firebase-admin/lib/index.js\"}"}}
[debug] [2023-05-25T01:14:15.879Z] [runtime-status] [62177] Resolved module firebase-functions {"declared":true,"installed":true,"version":"4.4.0","resolution":"/Users/ti/Documents/code/git-viewer/functions/node_modules/firebase-functions/lib/v1/index.js"} {"metadata":{"emulator":{"name":"functions"},"function":{"name":"us-central1-app"},"extension":{},"message":"[runtime-status] [62177] Resolved module firebase-functions {\"declared\":true,\"installed\":true,\"version\":\"4.4.0\",\"resolution\":\"/Users/ti/Documents/code/git-viewer/functions/node_modules/firebase-functions/lib/v1/index.js\"}"}}
[debug] [2023-05-25T01:14:15.882Z] [runtime-status] [62177] Found local functions config: /Users/ti/Documents/code/git-viewer/functions/.runtimeconfig.json {"metadata":{"emulator":{"name":"functions"},"function":{"name":"us-central1-app"},"extension":{},"message":"[runtime-status] [62177] Found local functions config: /Users/ti/Documents/code/git-viewer/functions/.runtimeconfig.json"}}
[debug] [2023-05-25T01:14:15.882Z] [runtime-status] [62177] Outgoing network have been stubbed. [{"name":"http","status":"mocked"},{"name":"http","status":"mocked"},{"name":"https","status":"mocked"},{"name":"https","status":"mocked"},{"name":"net","status":"mocked"}] {"metadata":{"emulator":{"name":"functions"},"function":{"name":"us-central1-app"},"extension":{},"message":"[runtime-status] [62177] Outgoing network have been stubbed. [{\"name\":\"http\",\"status\":\"mocked\"},{\"name\":\"http\",\"status\":\"mocked\"},{\"name\":\"https\",\"status\":\"mocked\"},{\"name\":\"https\",\"status\":\"mocked\"},{\"name\":\"net\",\"status\":\"mocked\"}]"}}
[debug] [2023-05-25T01:14:15.882Z] [runtime-status] [62177] Resolved module firebase-functions {"declared":true,"installed":true,"version":"4.4.0","resolution":"/Users/ti/Documents/code/git-viewer/functions/node_modules/firebase-functions/lib/v1/index.js"} {"metadata":{"emulator":{"name":"functions"},"function":{"name":"us-central1-app"},"extension":{},"message":"[runtime-status] [62177] Resolved module firebase-functions {\"declared\":true,\"installed\":true,\"version\":\"4.4.0\",\"resolution\":\"/Users/ti/Documents/code/git-viewer/functions/node_modules/firebase-functions/lib/v1/index.js\"}"}}
[debug] [2023-05-25T01:14:16.015Z] [runtime-status] [62177] Checked functions.config() {"config":{"gitlab":{"token":"glpat-JK9JpMbzKQj1qMg4vybV"},"github":{"token":"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"}}} {"metadata":{"emulator":{"name":"functions"},"function":{"name":"us-central1-app"},"extension":{},"message":"[runtime-status] [62177] Checked functions.config() {\"config\":{\"gitlab\":{\"token\":\"glpat-JK9JpMbzKQj1qMg4vybV\"},\"github\":{\"token\":\"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\"}}}"}}
[debug] [2023-05-25T01:14:16.015Z] [runtime-status] [62177] firebase-functions has been stubbed. {"functionsResolution":{"declared":true,"installed":true,"version":"4.4.0","resolution":"/Users/ti/Documents/code/git-viewer/functions/node_modules/firebase-functions/lib/v1/index.js"}} {"metadata":{"emulator":{"name":"functions"},"function":{"name":"us-central1-app"},"extension":{},"message":"[runtime-status] [62177] firebase-functions has been stubbed. {\"functionsResolution\":{\"declared\":true,\"installed\":true,\"version\":\"4.4.0\",\"resolution\":\"/Users/ti/Documents/code/git-viewer/functions/node_modules/firebase-functions/lib/v1/index.js\"}}"}}
[debug] [2023-05-25T01:14:16.015Z] [runtime-status] [62177] Resolved module firebase-functions {"declared":true,"installed":true,"version":"4.4.0","resolution":"/Users/ti/Documents/code/git-viewer/functions/node_modules/firebase-functions/lib/v1/index.js"} {"metadata":{"emulator":{"name":"functions"},"function":{"name":"us-central1-app"},"extension":{},"message":"[runtime-status] [62177] Resolved module firebase-functions {\"declared\":true,\"installed\":true,\"version\":\"4.4.0\",\"resolution\":\"/Users/ti/Documents/code/git-viewer/functions/node_modules/firebase-functions/lib/v1/index.js\"}"}}
[debug] [2023-05-25T01:14:16.016Z] [runtime-status] [62177] Resolved module firebase-admin {"declared":true,"installed":true,"version":"11.8.0","resolution":"/Users/ti/Documents/code/git-viewer/functions/node_modules/firebase-admin/lib/index.js"} {"metadata":{"emulator":{"name":"functions"},"function":{"name":"us-central1-app"},"extension":{},"message":"[runtime-status] [62177] Resolved module firebase-admin {\"declared\":true,\"installed\":true,\"version\":\"11.8.0\",\"resolution\":\"/Users/ti/Documents/code/git-viewer/functions/node_modules/firebase-admin/lib/index.js\"}"}}
[debug] [2023-05-25T01:14:16.017Z] [runtime-status] [62177] Resolved module firebase-functions {"declared":true,"installed":true,"version":"4.4.0","resolution":"/Users/ti/Documents/code/git-viewer/functions/node_modules/firebase-functions/lib/v1/index.js"} {"metadata":{"emulator":{"name":"functions"},"function":{"name":"us-central1-app"},"extension":{},"message":"[runtime-status] [62177] Resolved module firebase-functions {\"declared\":true,\"installed\":true,\"version\":\"4.4.0\",\"resolution\":\"/Users/ti/Documents/code/git-viewer/functions/node_modules/firebase-functions/lib/v1/index.js\"}"}}
[debug] [2023-05-25T01:14:16.017Z] [runtime-status] [62177] firebase-admin has been stubbed. {"adminResolution":{"declared":true,"installed":true,"version":"11.8.0","resolution":"/Users/ti/Documents/code/git-viewer/functions/node_modules/firebase-admin/lib/index.js"}} {"metadata":{"emulator":{"name":"functions"},"function":{"name":"us-central1-app"},"extension":{},"message":"[runtime-status] [62177] firebase-admin has been stubbed. {\"adminResolution\":{\"declared\":true,\"installed\":true,\"version\":\"11.8.0\",\"resolution\":\"/Users/ti/Documents/code/git-viewer/functions/node_modules/firebase-admin/lib/index.js\"}}"}}
[debug] [2023-05-25T01:14:16.070Z] [runtime-status] [62177] Functions runtime initialized. {"cwd":"/Users/ti/Documents/code/git-viewer/functions","node_version":"18.15.0"} {"metadata":{"emulator":{"name":"functions"},"function":{"name":"us-central1-app"},"extension":{},"message":"[runtime-status] [62177] Functions runtime initialized. {\"cwd\":\"/Users/ti/Documents/code/git-viewer/functions\",\"node_version\":\"18.15.0\"}"}}
[debug] [2023-05-25T01:14:16.071Z] [runtime-status] [62177] Listening to port: /var/folders/3s/qvz10brj41b4m4p33_ym3cvc0000gn/T/fire_emu_200eed65bf27fa7e.sock {"metadata":{"emulator":{"name":"functions"},"function":{"name":"us-central1-app"},"extension":{},"message":"[runtime-status] [62177] Listening to port: /var/folders/3s/qvz10brj41b4m4p33_ym3cvc0000gn/T/fire_emu_200eed65bf27fa7e.sock"}}
[debug] [2023-05-25T01:14:16.108Z] [worker-us-central1-app-ff5b8ac5-8b29-40eb-becc-9296e0457874]: IDLE {"metadata":{"emulator":{"name":"functions"},"function":{"name":"us-central1-app"},"extension":{},"message":"[worker-us-central1-app-ff5b8ac5-8b29-40eb-becc-9296e0457874]: IDLE"}}
[debug] [2023-05-25T01:14:16.108Z] [worker-pool] submitRequest(triggerId=us-central1-app) {"metadata":{"emulator":{"name":"functions"},"message":"[worker-pool] submitRequest(triggerId=us-central1-app)"}}
[info] i  functions: Beginning execution of "us-central1-app" {"metadata":{"emulator":{"name":"functions"},"function":{"name":"us-central1-app"},"extension":{},"message":"Beginning execution of \"us-central1-app\""}}
[debug] [2023-05-25T01:14:16.108Z] [worker-us-central1-app-ff5b8ac5-8b29-40eb-becc-9296e0457874]: BUSY {"metadata":{"emulator":{"name":"functions"},"function":{"name":"us-central1-app"},"extension":{},"message":"[worker-us-central1-app-ff5b8ac5-8b29-40eb-becc-9296e0457874]: BUSY"}}
[debug] [2023-05-25T01:14:17.295Z] Finishing up request with event=pause {"metadata":{"emulator":{"name":"functions"},"function":{"name":"us-central1-app"},"extension":{},"message":"Finishing up request with event=pause"}}
[info] i  functions: Finished "us-central1-app" in 1186.751166ms {"metadata":{"emulator":{"name":"functions"},"function":{"name":"us-central1-app"},"extension":{},"message":"Finished \"us-central1-app\" in 1186.751166ms"}}
[debug] [2023-05-25T01:14:17.295Z] [worker-us-central1-app-ff5b8ac5-8b29-40eb-becc-9296e0457874]: IDLE {"metadata":{"emulator":{"name":"functions"},"function":{"name":"us-central1-app"},"extension":{},"message":"[worker-us-central1-app-ff5b8ac5-8b29-40eb-becc-9296e0457874]: IDLE"}}
[debug] [2023-05-25T01:14:17.296Z] Finishing up request with event=finish {"metadata":{"emulator":{"name":"functions"},"function":{"name":"us-central1-app"},"extension":{},"message":"Finishing up request with event=finish"}}
[debug] [2023-05-25T01:14:17.296Z] Finishing up request with event=close {"metadata":{"emulator":{"name":"functions"},"function":{"name":"us-central1-app"},"extension":{},"message":"Finishing up request with event=close"}}
[debug] [2023-05-25T01:14:17.296Z] [work-queue] {"queuedWork":[],"queueLength":0,"runningWork":[],"workRunningCount":0}
[debug] [2023-05-25T01:17:26.656Z] Received signal SIGHUP 1
[info]  
[info] i  emulators: Received SIGHUP for the first time. Starting a clean shutdown. 
[info] i  emulators: Please wait for a clean shutdown or send the SIGHUP signal again to stop right now. 
[debug] [2023-05-25T01:17:26.667Z] Error: write EIO
    at afterWriteDispatched (node:internal/stream_base_commons:160:15)
    at writeGeneric (node:internal/stream_base_commons:151:3)
    at Socket._writeGeneric (node:net:930:11)
    at Socket._write (node:net:942:8)
    at writeOrBuffer (node:internal/streams/writable:392:12)
    at _write (node:internal/streams/writable:333:10)
    at Writable.write (node:internal/streams/writable:337:10)
    at Console.log (/Users/ti/.npm-global/lib/node_modules/firebase-tools/node_modules/winston/lib/winston/transports/console.js:79:23)
    at Console._write (/Users/ti/.npm-global/lib/node_modules/firebase-tools/node_modules/winston-transport/index.js:103:17)
    at doWrite (/Users/ti/.npm-global/lib/node_modules/firebase-tools/node_modules/readable-stream/lib/_stream_writable.js:390:139)
[error] 
[error] Error: An unexpected error has occurred.
[debug] [2023-05-25T01:17:26.668Z] Error: write EIO
    at afterWriteDispatched (node:internal/stream_base_commons:160:15)
    at writeGeneric (node:internal/stream_base_commons:151:3)
    at Socket._writeGeneric (node:net:930:11)
    at Socket._write (node:net:942:8)
    at writeOrBuffer (node:internal/streams/writable:392:12)
    at _write (node:internal/streams/writable:333:10)
    at Writable.write (node:internal/streams/writable:337:10)
    at Console.log (/Users/ti/.npm-global/lib/node_modules/firebase-tools/node_modules/winston/lib/winston/transports/console.js:79:23)
    at Console._write (/Users/ti/.npm-global/lib/node_modules/firebase-tools/node_modules/winston-transport/index.js:103:17)
    at doWrite (/Users/ti/.npm-global/lib/node_modules/firebase-tools/node_modules/readable-stream/lib/_stream_writable.js:390:139)
[error] 
[error] Error: An unexpected error has occurred.
[debug] [2023-05-25T01:17:26.668Z] Error: write EIO
    at afterWriteDispatched (node:internal/stream_base_commons:160:15)
    at writeGeneric (node:internal/stream_base_commons:151:3)
    at Socket._writeGeneric (node:net:930:11)
    at Socket._write (node:net:942:8)
    at writeOrBuffer (node:internal/streams/writable:392:12)
    at _write (node:internal/streams/writable:333:10)
    at Writable.write (node:internal/streams/writable:337:10)
    at Console.log (/Users/ti/.npm-global/lib/node_modules/firebase-tools/node_modules/winston/lib/winston/transports/console.js:79:23)
    at Console._write (/Users/ti/.npm-global/lib/node_modules/firebase-tools/node_modules/winston-transport/index.js:103:17)
    at doWrite (/Users/ti/.npm-global/lib/node_modules/firebase-tools/node_modules/readable-stream/lib/_stream_writable.js:390:139)
[error] 
[error] Error: An unexpected error has occurred.
[debug] [2023-05-25T01:17:26.669Z] Error: write EIO
    at afterWriteDispatched (node:internal/stream_base_commons:160:15)
    at writeGeneric (node:internal/stream_base_commons:151:3)
    at Socket._writeGeneric (node:net:930:11)
    at Socket._write (node:net:942:8)
    at writeOrBuffer (node:internal/streams/writable:392:12)
    at _write (node:internal/streams/writable:333:10)
    at Writable.write (node:internal/streams/writable:337:10)
    at Console.log (/Users/ti/.npm-global/lib/node_modules/firebase-tools/node_modules/winston/lib/winston/transports/console.js:79:23)
    at Console._write (/Users/ti/.npm-global/lib/node_modules/firebase-tools/node_modules/winston-transport/index.js:103:17)
    at doWrite (/Users/ti/.npm-global/lib/node_modules/firebase-tools/node_modules/readable-stream/lib/_stream_writable.js:390:139)
[error] 
[error] Error: An unexpected error has occurred.
[debug] [2023-05-25T01:17:26.672Z] Error: write EIO
    at afterWriteDispatched (node:internal/stream_base_commons:160:15)
    at writeGeneric (node:internal/stream_base_commons:151:3)
    at Socket._writeGeneric (node:net:930:11)
    at Socket._write (node:net:942:8)
    at writeOrBuffer (node:internal/streams/writable:392:12)
    at _write (node:internal/streams/writable:333:10)
    at Writable.write (node:internal/streams/writable:337:10)
    at Console.log (/Users/ti/.npm-global/lib/node_modules/firebase-tools/node_modules/winston/lib/winston/transports/console.js:79:23)
    at Console._write (/Users/ti/.npm-global/lib/node_modules/firebase-tools/node_modules/winston-transport/index.js:103:17)
    at doWrite (/Users/ti/.npm-global/lib/node_modules/firebase-tools/node_modules/readable-stream/lib/_stream_writable.js:390:139)
[error] 
[error] Error: An unexpected error has occurred.
[debug] [2023-05-25T01:17:26.672Z] Error: write EIO
    at afterWriteDispatched (node:internal/stream_base_commons:160:15)
    at writeGeneric (node:internal/stream_base_commons:151:3)
    at Socket._writeGeneric (node:net:930:11)
    at Socket._write (node:net:942:8)
    at writeOrBuffer (node:internal/streams/writable:392:12)
    at _write (node:internal/streams/writable:333:10)
    at Writable.write (node:internal/streams/writable:337:10)
    at Console.log (/Users/ti/.npm-global/lib/node_modules/firebase-tools/node_modules/winston/lib/winston/transports/console.js:79:23)
    at Console._write (/Users/ti/.npm-global/lib/node_modules/firebase-tools/node_modules/winston-transport/index.js:103:17)
    at doWrite (/Users/ti/.npm-global/lib/node_modules/firebase-tools/node_modules/readable-stream/lib/_stream_writable.js:390:139)
[error] 
[error] Error: An unexpected error has occurred.
[debug] [2023-05-25T01:17:26.672Z] Error: write EIO
    at afterWriteDispatched (node:internal/stream_base_commons:160:15)
    at writeGeneric (node:internal/stream_base_commons:151:3)
    at Socket._writeGeneric (node:net:930:11)
    at Socket._write (node:net:942:8)
    at writeOrBuffer (node:internal/streams/writable:392:12)
    at _write (node:internal/streams/writable:333:10)
    at Writable.write (node:internal/streams/writable:337:10)
    at Console.log (/Users/ti/.npm-global/lib/node_modules/firebase-tools/node_modules/winston/lib/winston/transports/console.js:79:23)
    at Console._write (/Users/ti/.npm-global/lib/node_modules/firebase-tools/node_modules/winston-transport/index.js:103:17)
    at doWrite (/Users/ti/.npm-global/lib/node_modules/firebase-tools/node_modules/readable-stream/lib/_stream_writable.js:390:139)
[error] 
[error] Error: An unexpected error has occurred.
[debug] [2023-05-25T01:17:26.673Z] Error: write EIO
    at afterWriteDispatched (node:internal/stream_base_commons:160:15)
    at writeGeneric (node:internal/stream_base_commons:151:3)
    at Socket._writeGeneric (node:net:930:11)
    at Socket._write (node:net:942:8)
    at writeOrBuffer (node:internal/streams/writable:392:12)
    at _write (node:internal/streams/writable:333:10)
    at Writable.write (node:internal/streams/writable:337:10)
    at Console.log (/Users/ti/.npm-global/lib/node_modules/firebase-tools/node_modules/winston/lib/winston/transports/console.js:79:23)
    at Console._write (/Users/ti/.npm-global/lib/node_modules/firebase-tools/node_modules/winston-transport/index.js:103:17)
    at doWrite (/Users/ti/.npm-global/lib/node_modules/firebase-tools/node_modules/readable-stream/lib/_stream_writable.js:390:139)
[error] 
[error] Error: An unexpected error has occurred.
[debug] [2023-05-25T01:17:26.673Z] Error: write EIO
    at afterWriteDispatched (node:internal/stream_base_commons:160:15)
    at writeGeneric (node:internal/stream_base_commons:151:3)
    at Socket._writeGeneric (node:net:930:11)
    at Socket._write (node:net:942:8)
    at writeOrBuffer (node:internal/streams/writable:392:12)
    at _write (node:internal/streams/writable:333:10)
    at Writable.write (node:internal/streams/writable:337:10)
    at Console.log (/Users/ti/.npm-global/lib/node_modules/firebase-tools/node_modules/winston/lib/winston/transports/console.js:79:23)
    at Console._write (/Users/ti/.npm-global/lib/node_modules/firebase-tools/node_modules/winston-transport/index.js:103:17)
    at doWrite (/Users/ti/.npm-global/lib/node_modules/firebase-tools/node_modules/readable-stream/lib/_stream_writable.js:390:139)
[error] 
[error] Error: An unexpected error has occurred.
[debug] [2023-05-25T01:17:26.676Z] Error: write EIO
    at afterWriteDispatched (node:internal/stream_base_commons:160:15)
    at writeGeneric (node:internal/stream_base_commons:151:3)
    at Socket._writeGeneric (node:net:930:11)
    at Socket._write (node:net:942:8)
    at writeOrBuffer (node:internal/streams/writable:392:12)
    at _write (node:internal/streams/writable:333:10)
    at Writable.write (node:internal/streams/writable:337:10)
    at Console.log (/Users/ti/.npm-global/lib/node_modules/firebase-tools/node_modules/winston/lib/winston/transports/console.js:79:23)
    at Console._write (/Users/ti/.npm-global/lib/node_modules/firebase-tools/node_modules/winston-transport/index.js:103:17)
    at doWrite (/Users/ti/.npm-global/lib/node_modules/firebase-tools/node_modules/readable-stream/lib/_stream_writable.js:390:139)
[error] 
[error] Error: An unexpected error has occurred.
[debug] [2023-05-25T01:17:26.676Z] Error: write EIO
    at afterWriteDispatched (node:internal/stream_base_commons:160:15)
    at writeGeneric (node:internal/stream_base_commons:151:3)
    at Socket._writeGeneric (node:net:930:11)
    at Socket._write (node:net:942:8)
    at writeOrBuffer (node:internal/streams/writable:392:12)
    at _write (node:internal/streams/writable:333:10)
    at Writable.write (node:internal/streams/writable:337:10)
    at Console.log (/Users/ti/.npm-global/lib/node_modules/firebase-tools/node_modules/winston/lib/winston/transports/console.js:79:23)
    at Console._write (/Users/ti/.npm-global/lib/node_modules/firebase-tools/node_modules/winston-transport/index.js:103:17)
    at doWrite (/Users/ti/.npm-global/lib/node_modules/firebase-tools/node_modules/readable-stream/lib/_stream_writable.js:390:139)
[error] 
[error] Error: An unexpected error has occurred.
[debug] [2023-05-25T01:17:26.676Z] Error: write EIO
    at afterWriteDispatched (node:internal/stream_base_commons:160:15)
    at writeGeneric (node:internal/stream_base_commons:151:3)
    at Socket._writeGeneric (node:net:930:11)
    at Socket._write (node:net:942:8)
    at writeOrBuffer (node:internal/streams/writable:392:12)
    at _write (node:internal/streams/writable:333:10)
    at Writable.write (node:internal/streams/writable:337:10)
    at Console.log (/Users/ti/.npm-global/lib/node_modules/firebase-tools/node_modules/winston/lib/winston/transports/console.js:79:23)
    at Console._write (/Users/ti/.npm-global/lib/node_modules/firebase-tools/node_modules/winston-transport/index.js:103:17)
    at doWrite (/Users/ti/.npm-global/lib/node_modules/firebase-tools/node_modules/readable-stream/lib/_stream_writable.js:390:139)
[error] 
[error] Error: An unexpected error has occurred.
[debug] [2023-05-25T01:17:26.676Z] Error: write EIO
    at afterWriteDispatched (node:internal/stream_base_commons:160:15)
    at writeGeneric (node:internal/stream_base_commons:151:3)
    at Socket._writeGeneric (node:net:930:11)
    at Socket._write (node:net:942:8)
    at writeOrBuffer (node:internal/streams/writable:392:12)
    at _write (node:internal/streams/writable:333:10)
    at Writable.write (node:internal/streams/writable:337:10)
    at Console.log (/Users/ti/.npm-global/lib/node_modules/firebase-tools/node_modules/winston/lib/winston/transports/console.js:79:23)
    at Console._write (/Users/ti/.npm-global/lib/node_modules/firebase-tools/node_modules/winston-transport/index.js:103:17)
    at doWrite (/Users/ti/.npm-global/lib/node_modules/firebase-tools/node_modules/readable-stream/lib/_stream_writable.js:390:139)
[error] 
[error] Error: An unexpected error has occurred.
[debug] [2023-05-25T01:17:26.677Z] Error: write EIO
    at afterWriteDispatched (node:internal/stream_base_commons:160:15)
    at writeGeneric (node:internal/stream_base_commons:151:3)
    at Socket._writeGeneric (node:net:930:11)
    at Socket._write (node:net:942:8)
    at writeOrBuffer (node:internal/streams/writable:392:12)
    at _write (node:internal/streams/writable:333:10)
    at Writable.write (node:internal/streams/writable:337:10)
    at Console.log (/Users/ti/.npm-global/lib/node_modules/firebase-tools/node_modules/winston/lib/winston/transports/console.js:79:23)
    at Console._write (/Users/ti/.npm-global/lib/node_modules/firebase-tools/node_modules/winston-transport/index.js:103:17)
    at doWrite (/Users/ti/.npm-global/lib/node_modules/firebase-tools/node_modules/readable-stream/lib/_stream_writable.js:390:139)
[error] 
[error] Error: An unexpected error has occurred.
[debug] [2023-05-25T01:17:26.677Z] Error: write EIO
    at afterWriteDispatched (node:internal/stream_base_commons:160:15)
    at writeGeneric (node:internal/stream_base_commons:151:3)
    at Socket._writeGeneric (node:net:930:11)
    at Socket._write (node:net:942:8)
    at writeOrBuffer (node:internal/streams/writable:392:12)
    at _write (node:internal/streams/writable:333:10)
    at Writable.write (node:internal/streams/writable:337:10)
    at Console.log (/Users/ti/.npm-global/lib/node_modules/firebase-tools/node_modules/winston/lib/winston/transports/console.js:79:23)
    at Console._write (/Users/ti/.npm-global/lib/node_modules/firebase-tools/node_modules/winston-transport/index.js:103:17)
    at doWrite (/Users/ti/.npm-global/lib/node_modules/firebase-tools/node_modules/readable-stream/lib/_stream_writable.js:390:139)
[error] 
[error] Error: An unexpected error has occurred.
[debug] [2023-05-25T01:17:26.677Z] Error: write EIO
    at afterWriteDispatched (node:internal/stream_base_commons:160:15)
    at writeGeneric (node:internal/stream_base_commons:151:3)
    at Socket._writeGeneric (node:net:930:11)
    at Socket._write (node:net:942:8)
    at writeOrBuffer (node:internal/streams/writable:392:12)
    at _write (node:internal/streams/writable:333:10)
    at Writable.write (node:internal/streams/writable:337:10)
    at Console.log (/Users/ti/.npm-global/lib/node_modules/firebase-tools/node_modules/winston/lib/winston/transports/console.js:79:23)
    at Console._write (/Users/ti/.npm-global/lib/node_modules/firebase-tools/node_modules/winston-transport/index.js:103:17)
    at doWrite (/Users/ti/.npm-global/lib/node_modules/firebase-tools/node_modules/readable-stream/lib/_stream_writable.js:390:139)
[error] 
[error] Error: An unexpected error has occurred.
[debug] [2023-05-25T01:17:26.677Z] Error: write EIO
    at afterWriteDispatched (node:internal/stream_base_commons:160:15)
    at writeGeneric (node:internal/stream_base_commons:151:3)
    at Socket._writeGeneric (node:net:930:11)
    at Socket._write (node:net:942:8)
    at writeOrBuffer (node:internal/streams/writable:392:12)
    at _write (node:internal/streams/writable:333:10)
    at Writable.write (node:internal/streams/writable:337:10)
    at Console.log (/Users/ti/.npm-global/lib/node_modules/firebase-tools/node_modules/winston/lib/winston/transports/console.js:79:23)
    at Console._write (/Users/ti/.npm-global/lib/node_modules/firebase-tools/node_modules/winston-transport/index.js:103:17)
    at doWrite (/Users/ti/.npm-global/lib/node_modules/firebase-tools/node_modules/readable-stream/lib/_stream_writable.js:390:139)
[error] 
[error] Error: An unexpected error has occurred.
[debug] [2023-05-25T01:17:26.677Z] Error: write EIO
    at afterWriteDispatched (node:internal/stream_base_commons:160:15)
    at writeGeneric (node:internal/stream_base_commons:151:3)
    at Socket._writeGeneric (node:net:930:11)
    at Socket._write (node:net:942:8)
    at writeOrBuffer (node:internal/streams/writable:392:12)
    at _write (node:internal/streams/writable:333:10)
    at Writable.write (node:internal/streams/writable:337:10)
    at Console.log (/Users/ti/.npm-global/lib/node_modules/firebase-tools/node_modules/winston/lib/winston/transports/console.js:79:23)
    at Console._write (/Users/ti/.npm-global/lib/node_modules/firebase-tools/node_modules/winston-transport/index.js:103:17)
    at doWrite (/Users/ti/.npm-global/lib/node_modules/firebase-tools/node_modules/readable-stream/lib/_stream_writable.js:390:139)
[error] 
[error] Error: An unexpected error has occurred.
[debug] [2023-05-25T01:17:26.678Z] Error: write EIO
    at afterWriteDispatched (node:internal/stream_base_commons:160:15)
    at writeGeneric (node:internal/stream_base_commons:151:3)
    at Socket._writeGeneric (node:net:930:11)
    at Socket._write (node:net:942:8)
    at writeOrBuffer (node:internal/streams/writable:392:12)
    at _write (node:internal/streams/writable:333:10)
    at Writable.write (node:internal/streams/writable:337:10)
    at Console.log (/Users/ti/.npm-global/lib/node_modules/firebase-tools/node_modules/winston/lib/winston/transports/console.js:79:23)
    at Console._write (/Users/ti/.npm-global/lib/node_modules/firebase-tools/node_modules/winston-transport/index.js:103:17)
    at doWrite (/Users/ti/.npm-global/lib/node_modules/firebase-tools/node_modules/readable-stream/lib/_stream_writable.js:390:139)
[error] 
[error] Error: An unexpected error has occurred.
[debug] [2023-05-25T01:17:26.678Z] Error: write EIO
    at afterWriteDispatched (node:internal/stream_base_commons:160:15)
    at writeGeneric (node:internal/stream_base_commons:151:3)
    at Socket._writeGeneric (node:net:930:11)
    at Socket._write (node:net:942:8)
    at writeOrBuffer (node:internal/streams/writable:392:12)
    at _write (node:internal/streams/writable:333:10)
    at Writable.write (node:internal/streams/writable:337:10)
    at Console.log (/Users/ti/.npm-global/lib/node_modules/firebase-tools/node_modules/winston/lib/winston/transports/console.js:79:23)
    at Console._write (/Users/ti/.npm-global/lib/node_modules/firebase-tools/node_modules/winston-transport/index.js:103:17)
    at doWrite (/Users/ti/.npm-global/lib/node_modules/firebase-tools/node_modules/readable-stream/lib/_stream_writable.js:390:139)
[error] 
[error] Error: An unexpected error has occurred.
[debug] [2023-05-25T01:17:26.679Z] Error: write EIO
    at afterWriteDispatched (node:internal/stream_base_commons:160:15)
    at writeGeneric (node:internal/stream_base_commons:151:3)
    at Socket._writeGeneric (node:net:930:11)
    at Socket._write (node:net:942:8)
    at writeOrBuffer (node:internal/streams/writable:392:12)
    at _write (node:internal/streams/writable:333:10)
    at Writable.write (node:internal/streams/writable:337:10)
    at Console.log (/Users/ti/.npm-global/lib/node_modules/firebase-tools/node_modules/winston/lib/winston/transports/console.js:79:23)
    at Console._write (/Users/ti/.npm-global/lib/node_modules/firebase-tools/node_modules/winston-transport/index.js:103:17)
    at doWrite (/Users/ti/.npm-global/lib/node_modules/firebase-tools/node_modules/readable-stream/lib/_stream_writable.js:390:139)
[error] 
[error] Error: An unexpected error has occurred.
[debug] [2023-05-25T01:17:26.679Z] Error: write EIO
    at afterWriteDispatched (node:internal/stream_base_commons:160:15)
    at writeGeneric (node:internal/stream_base_commons:151:3)
    at Socket._writeGeneric (node:net:930:11)
    at Socket._write (node:net:942:8)
    at writeOrBuffer (node:internal/streams/writable:392:12)
    at _write (node:internal/streams/writable:333:10)
    at Writable.write (node:internal/streams/writable:337:10)
    at Console.log (/Users/ti/.npm-global/lib/node_modules/firebase-tools/node_modules/winston/lib/winston/transports/console.js:79:23)
    at Console._write (/Users/ti/.npm-global/lib/node_modules/firebase-tools/node_modules/winston-transport/index.js:103:17)
    at doWrite (/Users/ti/.npm-global/lib/node_modules/firebase-tools/node_modules/readable-stream/lib/_stream_writable.js:390:139)
[error] 
[error] Error: An unexpected error has occurred.
[debug] [2023-05-25T01:17:26.680Z] [worker-us-central1-app-ff5b8ac5-8b29-40eb-becc-9296e0457874]: exited {"metadata":{"emulator":{"name":"functions"},"function":{"name":"us-central1-app"},"extension":{},"message":"[worker-us-central1-app-ff5b8ac5-8b29-40eb-becc-9296e0457874]: exited"}}
[debug] [2023-05-25T01:17:26.680Z] [worker-us-central1-app-ff5b8ac5-8b29-40eb-becc-9296e0457874]: FINISHED {"metadata":{"emulator":{"name":"functions"},"function":{"name":"us-central1-app"},"extension":{},"message":"[worker-us-central1-app-ff5b8ac5-8b29-40eb-becc-9296e0457874]: FINISHED"}}
[debug] [2023-05-25T01:17:26.680Z] Error: write EIO
    at afterWriteDispatched (node:internal/stream_base_commons:160:15)
    at writeGeneric (node:internal/stream_base_commons:151:3)
    at Socket._writeGeneric (node:net:930:11)
    at Socket._write (node:net:942:8)
    at writeOrBuffer (node:internal/streams/writable:392:12)
    at _write (node:internal/streams/writable:333:10)
    at Writable.write (node:internal/streams/writable:337:10)
    at Console.log (/Users/ti/.npm-global/lib/node_modules/firebase-tools/node_modules/winston/lib/winston/transports/console.js:79:23)
    at Console._write (/Users/ti/.npm-global/lib/node_modules/firebase-tools/node_modules/winston-transport/index.js:103:17)
    at doWrite (/Users/ti/.npm-global/lib/node_modules/firebase-tools/node_modules/readable-stream/lib/_stream_writable.js:390:139)
[error] 
[error] Error: An unexpected error has occurred.
[debug] [2023-05-25T01:17:26.680Z] Error: write EIO
    at afterWriteDispatched (node:internal/stream_base_commons:160:15)
    at writeGeneric (node:internal/stream_base_commons:151:3)
    at Socket._writeGeneric (node:net:930:11)
    at Socket._write (node:net:942:8)
    at writeOrBuffer (node:internal/streams/writable:392:12)
    at _write (node:internal/streams/writable:333:10)
    at Writable.write (node:internal/streams/writable:337:10)
    at Console.log (/Users/ti/.npm-global/lib/node_modules/firebase-tools/node_modules/winston/lib/winston/transports/console.js:79:23)
    at Console._write (/Users/ti/.npm-global/lib/node_modules/firebase-tools/node_modules/winston-transport/index.js:103:17)
    at doWrite (/Users/ti/.npm-global/lib/node_modules/firebase-tools/node_modules/readable-stream/lib/_stream_writable.js:390:139)
[error] 
[error] Error: An unexpected error has occurred.
[debug] [2023-05-25T01:17:26.680Z] Error: write EIO
    at afterWriteDispatched (node:internal/stream_base_commons:160:15)
    at writeGeneric (node:internal/stream_base_commons:151:3)
    at Socket._writeGeneric (node:net:930:11)
    at Socket._write (node:net:942:8)
    at writeOrBuffer (node:internal/streams/writable:392:12)
    at _write (node:internal/streams/writable:333:10)
    at Writable.write (node:internal/streams/writable:337:10)
    at Console.log (/Users/ti/.npm-global/lib/node_modules/firebase-tools/node_modules/winston/lib/winston/transports/console.js:79:23)
    at Console._write (/Users/ti/.npm-global/lib/node_modules/firebase-tools/node_modules/winston-transport/index.js:103:17)
    at doWrite (/Users/ti/.npm-global/lib/node_modules/firebase-tools/node_modules/readable-stream/lib/_stream_writable.js:390:139)
[error] 
[error] Error: An unexpected error has occurred.
[debug] [2023-05-25T01:17:26.680Z] Error: write EIO
    at afterWriteDispatched (node:internal/stream_base_commons:160:15)
    at writeGeneric (node:internal/stream_base_commons:151:3)
    at Socket._writeGeneric (node:net:930:11)
    at Socket._write (node:net:942:8)
    at writeOrBuffer (node:internal/streams/writable:392:12)
    at _write (node:internal/streams/writable:333:10)
    at Writable.write (node:internal/streams/writable:337:10)
    at Console.log (/Users/ti/.npm-global/lib/node_modules/firebase-tools/node_modules/winston/lib/winston/transports/console.js:79:23)
    at Console._write (/Users/ti/.npm-global/lib/node_modules/firebase-tools/node_modules/winston-transport/index.js:103:17)
    at doWrite (/Users/ti/.npm-global/lib/node_modules/firebase-tools/node_modules/readable-stream/lib/_stream_writable.js:390:139)
[error] 
[error] Error: An unexpected error has occurred.
[debug] [2023-05-25T01:17:26.681Z] Error: write EIO
    at afterWriteDispatched (node:internal/stream_base_commons:160:15)
    at writeGeneric (node:internal/stream_base_commons:151:3)
    at Socket._writeGeneric (node:net:930:11)
    at Socket._write (node:net:942:8)
    at writeOrBuffer (node:internal/streams/writable:392:12)
    at _write (node:internal/streams/writable:333:10)
    at Writable.write (node:internal/streams/writable:337:10)
    at Console.log (/Users/ti/.npm-global/lib/node_modules/firebase-tools/node_modules/winston/lib/winston/transports/console.js:79:23)
    at Console._write (/Users/ti/.npm-global/lib/node_modules/firebase-tools/node_modules/winston-transport/index.js:103:17)
    at doWrite (/Users/ti/.npm-global/lib/node_modules/firebase-tools/node_modules/readable-stream/lib/_stream_writable.js:390:139)
[error] 
[error] Error: An unexpected error has occurred.
[debug] [2023-05-25T01:17:26.682Z] Error: write EIO
    at afterWriteDispatched (node:internal/stream_base_commons:160:15)
    at writeGeneric (node:internal/stream_base_commons:151:3)
    at Socket._writeGeneric (node:net:930:11)
    at Socket._write (node:net:942:8)
    at writeOrBuffer (node:internal/streams/writable:392:12)
    at _write (node:internal/streams/writable:333:10)
    at Writable.write (node:internal/streams/writable:337:10)
    at Console.log (/Users/ti/.npm-global/lib/node_modules/firebase-tools/node_modules/winston/lib/winston/transports/console.js:79:23)
    at Console._write (/Users/ti/.npm-global/lib/node_modules/firebase-tools/node_modules/winston-transport/index.js:103:17)
    at doWrite (/Users/ti/.npm-global/lib/node_modules/firebase-tools/node_modules/readable-stream/lib/_stream_writable.js:390:139)
[error] 
[error] Error: An unexpected error has occurred.
[debug] [2023-05-25T01:17:26.682Z] Error: write EIO
    at afterWriteDispatched (node:internal/stream_base_commons:160:15)
    at writeGeneric (node:internal/stream_base_commons:151:3)
    at Socket._writeGeneric (node:net:930:11)
    at Socket._write (node:net:942:8)
    at writeOrBuffer (node:internal/streams/writable:392:12)
    at _write (node:internal/streams/writable:333:10)
    at Writable.write (node:internal/streams/writable:337:10)
    at Console.log (/Users/ti/.npm-global/lib/node_modules/firebase-tools/node_modules/winston/lib/winston/transports/console.js:79:23)
    at Console._write (/Users/ti/.npm-global/lib/node_modules/firebase-tools/node_modules/winston-transport/index.js:103:17)
    at doWrite (/Users/ti/.npm-global/lib/node_modules/firebase-tools/node_modules/readable-stream/lib/_stream_writable.js:390:139)
[error] 
[error] Error: An unexpected error has occurred.
[debug] [2023-05-25T01:17:26.683Z] Error: write EIO
    at afterWriteDispatched (node:internal/stream_base_commons:160:15)
    at writeGeneric (node:internal/stream_base_commons:151:3)
    at Socket._writeGeneric (node:net:930:11)
    at Socket._write (node:net:942:8)
    at writeOrBuffer (node:internal/streams/writable:392:12)
    at _write (node:internal/streams/writable:333:10)
    at Writable.write (node:internal/streams/writable:337:10)
    at Console.log (/Users/ti/.npm-global/lib/node_modules/firebase-tools/node_modules/winston/lib/winston/transports/console.js:79:23)
    at Console._write (/Users/ti/.npm-global/lib/node_modules/firebase-tools/node_modules/winston-transport/index.js:103:17)
    at doWrite (/Users/ti/.npm-global/lib/node_modules/firebase-tools/node_modules/readable-stream/lib/_stream_writable.js:390:139)
[error] 
[error] Error: An unexpected error has occurred.
[debug] [2023-05-25T01:17:26.683Z] Error: write EIO
    at afterWriteDispatched (node:internal/stream_base_commons:160:15)
    at writeGeneric (node:internal/stream_base_commons:151:3)
    at Socket._writeGeneric (node:net:930:11)
    at Socket._write (node:net:942:8)
    at writeOrBuffer (node:internal/streams/writable:392:12)
    at _write (node:internal/streams/writable:333:10)
    at Writable.write (node:internal/streams/writable:337:10)
    at Console.log (/Users/ti/.npm-global/lib/node_modules/firebase-tools/node_modules/winston/lib/winston/transports/console.js:79:23)
    at Console._write (/Users/ti/.npm-global/lib/node_modules/firebase-tools/node_modules/winston-transport/index.js:103:17)
    at doWrite (/Users/ti/.npm-global/lib/node_modules/firebase-tools/node_modules/readable-stream/lib/_stream_writable.js:390:139)
[error] 
[error] Error: An unexpected error has occurred.
[debug] [2023-05-25T01:17:26.683Z] Error: write EIO
    at afterWriteDispatched (node:internal/stream_base_commons:160:15)
    at writeGeneric (node:internal/stream_base_commons:151:3)
    at Socket._writeGeneric (node:net:930:11)
    at Socket._write (node:net:942:8)
    at writeOrBuffer (node:internal/streams/writable:392:12)
    at _write (node:internal/streams/writable:333:10)
    at Writable.write (node:internal/streams/writable:337:10)
    at Console.log (/Users/ti/.npm-global/lib/node_modules/firebase-tools/node_modules/winston/lib/winston/transports/console.js:79:23)
    at Console._write (/Users/ti/.npm-global/lib/node_modules/firebase-tools/node_modules/winston-transport/index.js:103:17)
    at doWrite (/Users/ti/.npm-global/lib/node_modules/firebase-tools/node_modules/readable-stream/lib/_stream_writable.js:390:139)
[error] 
[error] Error: An unexpected error has occurred.
[debug] [2023-05-25T01:17:26.683Z] Error: write EIO
    at afterWriteDispatched (node:internal/stream_base_commons:160:15)
    at writeGeneric (node:internal/stream_base_commons:151:3)
    at Socket._writeGeneric (node:net:930:11)
    at Socket._write (node:net:942:8)
    at writeOrBuffer (node:internal/streams/writable:392:12)
    at _write (node:internal/streams/writable:333:10)
    at Writable.write (node:internal/streams/writable:337:10)
    at Console.log (/Users/ti/.npm-global/lib/node_modules/firebase-tools/node_modules/winston/lib/winston/transports/console.js:79:23)
    at Console._write (/Users/ti/.npm-global/lib/node_modules/firebase-tools/node_modules/winston-transport/index.js:103:17)
    at doWrite (/Users/ti/.npm-global/lib/node_modules/firebase-tools/node_modules/readable-stream/lib/_stream_writable.js:390:139)
[error] 
[error] Error: An unexpected error has occurred.
[debug] [2023-05-25T01:17:26.683Z] Error: write EIO
    at afterWriteDispatched (node:internal/stream_base_commons:160:15)
    at writeGeneric (node:internal/stream_base_commons:151:3)
    at Socket._writeGeneric (node:net:930:11)
    at Socket._write (node:net:942:8)
    at writeOrBuffer (node:internal/streams/writable:392:12)
    at _write (node:internal/streams/writable:333:10)
    at Writable.write (node:internal/streams/writable:337:10)
    at Console.log (/Users/ti/.npm-global/lib/node_modules/firebase-tools/node_modules/winston/lib/winston/transports/console.js:79:23)
    at Console._write (/Users/ti/.npm-global/lib/node_modules/firebase-tools/node_modules/winston-transport/index.js:103:17)
    at doWrite (/Users/ti/.npm-global/lib/node_modules/firebase-tools/node_modules/readable-stream/lib/_stream_writable.js:390:139)
[error] 
[error] Error: An unexpected error has occurred.
[debug] [2023-05-25T01:17:26.683Z] Error: write EIO
    at afterWriteDispatched (node:internal/stream_base_commons:160:15)
    at writeGeneric (node:internal/stream_base_commons:151:3)
    at Socket._writeGeneric (node:net:930:11)
    at Socket._write (node:net:942:8)
    at writeOrBuffer (node:internal/streams/writable:392:12)
    at _write (node:internal/streams/writable:333:10)
    at Writable.write (node:internal/streams/writable:337:10)
    at Console.log (/Users/ti/.npm-global/lib/node_modules/firebase-tools/node_modules/winston/lib/winston/transports/console.js:79:23)
    at Console._write (/Users/ti/.npm-global/lib/node_modules/firebase-tools/node_modules/winston-transport/index.js:103:17)
    at doWrite (/Users/ti/.npm-global/lib/node_modules/firebase-tools/node_modules/readable-stream/lib/_stream_writable.js:390:139)
[error] 
[error] Error: An unexpected error has occurred.
[debug] [2023-05-25T01:17:26.684Z] Error: write EIO
    at afterWriteDispatched (node:internal/stream_base_commons:160:15)
    at writeGeneric (node:internal/stream_base_commons:151:3)
    at Socket._writeGeneric (node:net:930:11)
    at Socket._write (node:net:942:8)
    at writeOrBuffer (node:internal/streams/writable:392:12)
    at _write (node:internal/streams/writable:333:10)
    at Writable.write (node:internal/streams/writable:337:10)
    at Console.log (/Users/ti/.npm-global/lib/node_modules/firebase-tools/node_modules/winston/lib/winston/transports/console.js:79:23)
    at Console._write (/Users/ti/.npm-global/lib/node_modules/firebase-tools/node_modules/winston-transport/index.js:103:17)
    at doWrite (/Users/ti/.npm-global/lib/node_modules/firebase-tools/node_modules/readable-stream/lib/_stream_writable.js:390:139)
[error] 
[error] Error: An unexpected error has occurred.
[debug] [2023-05-25T01:17:26.684Z] Error: write EIO
    at afterWriteDispatched (node:internal/stream_base_commons:160:15)
    at writeGeneric (node:internal/stream_base_commons:151:3)
    at Socket._writeGeneric (node:net:930:11)
    at Socket._write (node:net:942:8)
    at writeOrBuffer (node:internal/streams/writable:392:12)
    at _write (node:internal/streams/writable:333:10)
    at Writable.write (node:internal/streams/writable:337:10)
    at Console.log (/Users/ti/.npm-global/lib/node_modules/firebase-tools/node_modules/winston/lib/winston/transports/console.js:79:23)
    at Console._write (/Users/ti/.npm-global/lib/node_modules/firebase-tools/node_modules/winston-transport/index.js:103:17)
    at doWrite (/Users/ti/.npm-global/lib/node_modules/firebase-tools/node_modules/readable-stream/lib/_stream_writable.js:390:139)
[error] 
[error] Error: An unexpected error has occurred.
[debug] [2023-05-25T01:17:26.684Z] Error: write EIO
    at afterWriteDispatched (node:internal/stream_base_commons:160:15)
    at writeGeneric (node:internal/stream_base_commons:151:3)
    at Socket._writeGeneric (node:net:930:11)
    at Socket._write (node:net:942:8)
    at writeOrBuffer (node:internal/streams/writable:392:12)
    at _write (node:internal/streams/writable:333:10)
    at Writable.write (node:internal/streams/writable:337:10)
    at Console.log (/Users/ti/.npm-global/lib/node_modules/firebase-tools/node_modules/winston/lib/winston/transports/console.js:79:23)
    at Console._write (/Users/ti/.npm-global/lib/node_modules/firebase-tools/node_modules/winston-transport/index.js:103:17)
    at doWrite (/Users/ti/.npm-global/lib/node_modules/firebase-tools/node_modules/readable-stream/lib/_stream_writable.js:390:139)
[error] 
[error] Error: An unexpected error has occurred.
[debug] [2023-05-25T01:17:26.684Z] Error: write EIO
    at afterWriteDispatched (node:internal/stream_base_commons:160:15)
    at writeGeneric (node:internal/stream_base_commons:151:3)
    at Socket._writeGeneric (node:net:930:11)
    at Socket._write (node:net:942:8)
    at writeOrBuffer (node:internal/streams/writable:392:12)
    at _write (node:internal/streams/writable:333:10)
    at Writable.write (node:internal/streams/writable:337:10)
    at Console.log (/Users/ti/.npm-global/lib/node_modules/firebase-tools/node_modules/winston/lib/winston/transports/console.js:79:23)
    at Console._write (/Users/ti/.npm-global/lib/node_modules/firebase-tools/node_modules/winston-transport/index.js:103:17)
    at doWrite (/Users/ti/.npm-global/lib/node_modules/firebase-tools/node_modules/readable-stream/lib/_stream_writable.js:390:139)
[error] 
[error] Error: An unexpected error has occurred.
[debug] [2023-05-25T01:17:26.684Z] Error: write EIO
    at afterWriteDispatched (node:internal/stream_base_commons:160:15)
    at writeGeneric (node:internal/stream_base_commons:151:3)
    at Socket._writeGeneric (node:net:930:11)
    at Socket._write (node:net:942:8)
    at writeOrBuffer (node:internal/streams/writable:392:12)
    at _write (node:internal/streams/writable:333:10)
    at Writable.write (node:internal/streams/writable:337:10)
    at Console.log (/Users/ti/.npm-global/lib/node_modules/firebase-tools/node_modules/winston/lib/winston/transports/console.js:79:23)
    at Console._write (/Users/ti/.npm-global/lib/node_modules/firebase-tools/node_modules/winston-transport/index.js:103:17)
    at doWrite (/Users/ti/.npm-global/lib/node_modules/firebase-tools/node_modules/readable-stream/lib/_stream_writable.js:390:139)
[error] 
[error] Error: An unexpected error has occurred.
[debug] [2023-05-25T01:17:26.684Z] Error: write EIO
    at afterWriteDispatched (node:internal/stream_base_commons:160:15)
    at writeGeneric (node:internal/stream_base_commons:151:3)
    at Socket._writeGeneric (node:net:930:11)
    at Socket._write (node:net:942:8)
    at writeOrBuffer (node:internal/streams/writable:392:12)
    at _write (node:internal/streams/writable:333:10)
    at Writable.write (node:internal/streams/writable:337:10)
    at Console.log (/Users/ti/.npm-global/lib/node_modules/firebase-tools/node_modules/winston/lib/winston/transports/console.js:79:23)
    at Console._write (/Users/ti/.npm-global/lib/node_modules/firebase-tools/node_modules/winston-transport/index.js:103:17)
    at doWrite (/Users/ti/.npm-global/lib/node_modules/firebase-tools/node_modules/readable-stream/lib/_stream_writable.js:390:139)
[error] 
[error] Error: An unexpected error has occurred.
[debug] [2023-05-25T01:17:26.684Z] Error: write EIO
    at afterWriteDispatched (node:internal/stream_base_commons:160:15)
    at writeGeneric (node:internal/stream_base_commons:151:3)
    at Socket._writeGeneric (node:net:930:11)
    at Socket._write (node:net:942:8)
    at writeOrBuffer (node:internal/streams/writable:392:12)
    at _write (node:internal/streams/writable:333:10)
    at Writable.write (node:internal/streams/writable:337:10)
    at Console.log (/Users/ti/.npm-global/lib/node_modules/firebase-tools/node_modules/winston/lib/winston/transports/console.js:79:23)
    at Console._write (/Users/ti/.npm-global/lib/node_modules/firebase-tools/node_modules/winston-transport/index.js:103:17)
    at doWrite (/Users/ti/.npm-global/lib/node_modules/firebase-tools/node_modules/readable-stream/lib/_stream_writable.js:390:139)
[error] 
[error] Error: An unexpected error has occurred.
[debug] [2023-05-25T01:17:26.685Z] Error: write EIO
    at afterWriteDispatched (node:internal/stream_base_commons:160:15)
    at writeGeneric (node:internal/stream_base_commons:151:3)
    at Socket._writeGeneric (node:net:930:11)
    at Socket._write (node:net:942:8)
    at writeOrBuffer (node:internal/streams/writable:392:12)
    at _write (node:internal/streams/writable:333:10)
    at Writable.write (node:internal/streams/writable:337:10)
    at Console.log (/Users/ti/.npm-global/lib/node_modules/firebase-tools/node_modules/winston/lib/winston/transports/console.js:79:23)
    at Console._write (/Users/ti/.npm-global/lib/node_modules/firebase-tools/node_modules/winston-transport/index.js:103:17)
    at doWrite (/Users/ti/.npm-global/lib/node_modules/firebase-tools/node_modules/readable-stream/lib/_stream_writable.js:390:139)
[error] 
[error] Error: An unexpected error has occurred.
[debug] [2023-05-25T01:17:26.685Z] Error: write EIO
    at afterWriteDispatched (node:internal/stream_base_commons:160:15)
    at writeGeneric (node:internal/stream_base_commons:151:3)
    at Socket._writeGeneric (node:net:930:11)
    at Socket._write (node:net:942:8)
    at writeOrBuffer (node:internal/streams/writable:392:12)
    at _write (node:internal/streams/writable:333:10)
    at Writable.write (node:internal/streams/writable:337:10)
    at Console.log (/Users/ti/.npm-global/lib/node_modules/firebase-tools/node_modules/winston/lib/winston/transports/console.js:79:23)
    at Console._write (/Users/ti/.npm-global/lib/node_modules/firebase-tools/node_modules/winston-transport/index.js:103:17)
    at doWrite (/Users/ti/.npm-global/lib/node_modules/firebase-tools/node_modules/readable-stream/lib/_stream_writable.js:390:139)
[error] 
[error] Error: An unexpected error has occurred.
[debug] [2023-05-25T01:17:26.685Z] Error: write EIO
    at afterWriteDispatched (node:internal/stream_base_commons:160:15)
    at writeGeneric (node:internal/stream_base_commons:151:3)
    at Socket._writeGeneric (node:net:930:11)
    at Socket._write (node:net:942:8)
    at writeOrBuffer (node:internal/streams/writable:392:12)
    at _write (node:internal/streams/writable:333:10)
    at Writable.write (node:internal/streams/writable:337:10)
    at Console.log (/Users/ti/.npm-global/lib/node_modules/firebase-tools/node_modules/winston/lib/winston/transports/console.js:79:23)
    at Console._write (/Users/ti/.npm-global/lib/node_modules/firebase-tools/node_modules/winston-transport/index.js:103:17)
    at doWrite (/Users/ti/.npm-global/lib/node_modules/firebase-tools/node_modules/readable-stream/lib/_stream_writable.js:390:139)
[error] 
[error] Error: An unexpected error has occurred.
[debug] [2023-05-25T01:17:26.685Z] Error: write EIO
    at afterWriteDispatched (node:internal/stream_base_commons:160:15)
    at writeGeneric (node:internal/stream_base_commons:151:3)
    at Socket._writeGeneric (node:net:930:11)
    at Socket._write (node:net:942:8)
    at writeOrBuffer (node:internal/streams/writable:392:12)
    at _write (node:internal/streams/writable:333:10)
    at Writable.write (node:internal/streams/writable:337:10)
    at Console.log (/Users/ti/.npm-global/lib/node_modules/firebase-tools/node_modules/winston/lib/winston/transports/console.js:79:23)
    at Console._write (/Users/ti/.npm-global/lib/node_modules/firebase-tools/node_modules/winston-transport/index.js:103:17)
    at doWrite (/Users/ti/.npm-global/lib/node_modules/firebase-tools/node_modules/readable-stream/lib/_stream_writable.js:390:139)
[error] 
[error] Error: An unexpected error has occurred.
[debug] [2023-05-25T01:17:26.685Z] Error: write EIO
    at afterWriteDispatched (node:internal/stream_base_commons:160:15)
    at writeGeneric (node:internal/stream_base_commons:151:3)
    at Socket._writeGeneric (node:net:930:11)
    at Socket._write (node:net:942:8)
    at writeOrBuffer (node:internal/streams/writable:392:12)
    at _write (node:internal/streams/writable:333:10)
    at Writable.write (node:internal/streams/writable:337:10)
    at Console.log (/Users/ti/.npm-global/lib/node_modules/firebase-tools/node_modules/winston/lib/winston/transports/console.js:79:23)
    at Console._write (/Users/ti/.npm-global/lib/node_modules/firebase-tools/node_modules/winston-transport/index.js:103:17)
    at doWrite (/Users/ti/.npm-global/lib/node_modules/firebase-tools/node_modules/readable-stream/lib/_stream_writable.js:390:139)
[error] 
[error] Error: An unexpected error has occurred.
[debug] [2023-05-25T01:17:26.686Z] Error: write EIO
    at afterWriteDispatched (node:internal/stream_base_commons:160:15)
    at writeGeneric (node:internal/stream_base_commons:151:3)
    at Socket._writeGeneric (node:net:930:11)
    at Socket._write (node:net:942:8)
    at writeOrBuffer (node:internal/streams/writable:392:12)
    at _write (node:internal/streams/writable:333:10)
    at Writable.write (node:internal/streams/writable:337:10)
    at Console.log (/Users/ti/.npm-global/lib/node_modules/firebase-tools/node_modules/winston/lib/winston/transports/console.js:79:23)
    at Console._write (/Users/ti/.npm-global/lib/node_modules/firebase-tools/node_modules/winston-transport/index.js:103:17)
    at doWrite (/Users/ti/.npm-global/lib/node_modules/firebase-tools/node_modules/readable-stream/lib/_stream_writable.js:390:139)
[error] 
[error] Error: An unexpected error has occurred.
[debug] [2023-05-25T01:17:26.686Z] Error: write EIO
    at afterWriteDispatched (node:internal/stream_base_commons:160:15)
    at writeGeneric (node:internal/stream_base_commons:151:3)
    at Socket._writeGeneric (node:net:930:11)
    at Socket._write (node:net:942:8)
    at writeOrBuffer (node:internal/streams/writable:392:12)
    at _write (node:internal/streams/writable:333:10)
    at Writable.write (node:internal/streams/writable:337:10)
    at Console.log (/Users/ti/.npm-global/lib/node_modules/firebase-tools/node_modules/winston/lib/winston/transports/console.js:79:23)
    at Console._write (/Users/ti/.npm-global/lib/node_modules/firebase-tools/node_modules/winston-transport/index.js:103:17)
    at doWrite (/Users/ti/.npm-global/lib/node_modules/firebase-tools/node_modules/readable-stream/lib/_stream_writable.js:390:139)
[error] 
[error] Error: An unexpected error has occurred.
[debug] [2023-05-25T01:17:26.686Z] Error: write EIO
    at afterWriteDispatched (node:internal/stream_base_commons:160:15)
    at writeGeneric (node:internal/stream_base_commons:151:3)
    at Socket._writeGeneric (node:net:930:11)
    at Socket._write (node:net:942:8)
    at writeOrBuffer (node:internal/streams/writable:392:12)
    at _write (node:internal/streams/writable:333:10)
    at Writable.write (node:internal/streams/writable:337:10)
    at Console.log (/Users/ti/.npm-global/lib/node_modules/firebase-tools/node_modules/winston/lib/winston/transports/console.js:79:23)
    at Console._write (/Users/ti/.npm-global/lib/node_modules/firebase-tools/node_modules/winston-transport/index.js:103:17)
    at doWrite (/Users/ti/.npm-global/lib/node_modules/firebase-tools/node_modules/readable-stream/lib/_stream_writable.js:390:139)
[error] 
[error] Error: An unexpected error has occurred.
[debug] [2023-05-25T01:17:26.686Z] Error: write EIO
    at afterWriteDispatched (node:internal/stream_base_commons:160:15)
    at writeGeneric (node:internal/stream_base_commons:151:3)
    at Socket._writeGeneric (node:net:930:11)
    at Socket._write (node:net:942:8)
    at writeOrBuffer (node:internal/streams/writable:392:12)
    at _write (node:internal/streams/writable:333:10)
    at Writable.write (node:internal/streams/writable:337:10)
    at Console.log (/Users/ti/.npm-global/lib/node_modules/firebase-tools/node_modules/winston/lib/winston/transports/console.js:79:23)
    at Console._write (/Users/ti/.npm-global/lib/node_modules/firebase-tools/node_modules/winston-transport/index.js:103:17)
    at doWrite (/Users/ti/.npm-global/lib/node_modules/firebase-tools/node_modules/readable-stream/lib/_stream_writable.js:390:139)
[error] 
[error] Error: An unexpected error has occurred.
[debug] [2023-05-25T01:17:26.686Z] Error: write EIO
    at afterWriteDispatched (node:internal/stream_base_commons:160:15)
    at writeGeneric (node:internal/stream_base_commons:151:3)
    at Socket._writeGeneric (node:net:930:11)
    at Socket._write (node:net:942:8)
    at writeOrBuffer (node:internal/streams/writable:392:12)
    at _write (node:internal/streams/writable:333:10)
    at Writable.write (node:internal/streams/writable:337:10)
    at Console.log (/Users/ti/.npm-global/lib/node_modules/firebase-tools/node_modules/winston/lib/winston/transports/console.js:79:23)
    at Console._write (/Users/ti/.npm-global/lib/node_modules/firebase-tools/node_modules/winston-transport/index.js:103:17)
    at doWrite (/Users/ti/.npm-global/lib/node_modules/firebase-tools/node_modules/readable-stream/lib/_stream_writable.js:390:139)
[error] 
[error] Error: An unexpected error has occurred.
[debug] [2023-05-25T01:17:26.687Z] Error: write EIO
    at afterWriteDispatched (node:internal/stream_base_commons:160:15)
    at writeGeneric (node:internal/stream_base_commons:151:3)
    at Socket._writeGeneric (node:net:930:11)
    at Socket._write (node:net:942:8)
    at writeOrBuffer (node:internal/streams/writable:392:12)
    at _write (node:internal/streams/writable:333:10)
    at Writable.write (node:internal/streams/writable:337:10)
    at Console.log (/Users/ti/.npm-global/lib/node_modules/firebase-tools/node_modules/winston/lib/winston/transports/console.js:79:23)
    at Console._write (/Users/ti/.npm-global/lib/node_modules/firebase-tools/node_modules/winston-transport/index.js:103:17)
    at doWrite (/Users/ti/.npm-global/lib/node_modules/firebase-tools/node_modules/readable-stream/lib/_stream_writable.js:390:139)
[error] 
[error] Error: An unexpected error has occurred.
[debug] [2023-05-25T01:17:26.687Z] Error: write EIO
    at afterWriteDispatched (node:internal/stream_base_commons:160:15)
    at writeGeneric (node:internal/stream_base_commons:151:3)
    at Socket._writeGeneric (node:net:930:11)
    at Socket._write (node:net:942:8)
    at writeOrBuffer (node:internal/streams/writable:392:12)
    at _write (node:internal/streams/writable:333:10)
    at Writable.write (node:internal/streams/writable:337:10)
    at Console.log (/Users/ti/.npm-global/lib/node_modules/firebase-tools/node_modules/winston/lib/winston/transports/console.js:79:23)
    at Console._write (/Users/ti/.npm-global/lib/node_modules/firebase-tools/node_modules/winston-transport/index.js:103:17)
    at doWrite (/Users/ti/.npm-global/lib/node_modules/firebase-tools/node_modules/readable-stream/lib/_stream_writable.js:390:139)
[error] 
[error] Error: An unexpected error has occurred.
[debug] [2023-05-25T01:17:26.687Z] Error: write EIO
    at afterWriteDispatched (node:internal/stream_base_commons:160:15)
    at writeGeneric (node:internal/stream_base_commons:151:3)
    at Socket._writeGeneric (node:net:930:11)
    at Socket._write (node:net:942:8)
    at writeOrBuffer (node:internal/streams/writable:392:12)
    at _write (node:internal/streams/writable:333:10)
    at Writable.write (node:internal/streams/writable:337:10)
    at Console.log (/Users/ti/.npm-global/lib/node_modules/firebase-tools/node_modules/winston/lib/winston/transports/console.js:79:23)
    at Console._write (/Users/ti/.npm-global/lib/node_modules/firebase-tools/node_modules/winston-transport/index.js:103:17)
    at doWrite (/Users/ti/.npm-global/lib/node_modules/firebase-tools/node_modules/readable-stream/lib/_stream_writable.js:390:139)
